<?xml version="1.0" encoding="UTF-8"?>
<testsuite name="com.tactfactory.monprojetsb.monprojetsb.services.ProductServiceTest" tests="6" skipped="0" failures="2" errors="0" timestamp="2020-05-05T13:57:02" hostname="DESKTOP-M4T51JE" time="0.84">
  <properties/>
  <testcase name="TestDelete" classname="com.tactfactory.monprojetsb.monprojetsb.services.ProductServiceTest" time="0.526">
    <failure message="org.springframework.dao.DataIntegrityViolationException: could not execute statement; SQL [n/a]; constraint [null]; nested exception is org.hibernate.exception.ConstraintViolationException: could not execute statement" type="org.springframework.dao.DataIntegrityViolationException">org.springframework.dao.DataIntegrityViolationException: could not execute statement; SQL [n/a]; constraint [null]; nested exception is org.hibernate.exception.ConstraintViolationException: could not execute statement
	at org.springframework.orm.jpa.vendor.HibernateJpaDialect.convertHibernateAccessException(HibernateJpaDialect.java:298)
	at org.springframework.orm.jpa.vendor.HibernateJpaDialect.translateExceptionIfPossible(HibernateJpaDialect.java:255)
	at org.springframework.orm.jpa.AbstractEntityManagerFactoryBean.translateExceptionIfPossible(AbstractEntityManagerFactoryBean.java:528)
	at org.springframework.dao.support.ChainedPersistenceExceptionTranslator.translateExceptionIfPossible(ChainedPersistenceExceptionTranslator.java:61)
	at org.springframework.dao.support.DataAccessUtils.translateIfNecessary(DataAccessUtils.java:242)
	at org.springframework.dao.support.PersistenceExceptionTranslationInterceptor.invoke(PersistenceExceptionTranslationInterceptor.java:153)
	at org.springframework.aop.framework.ReflectiveMethodInvocation.proceed(ReflectiveMethodInvocation.java:186)
	at org.springframework.data.jpa.repository.support.CrudMethodMetadataPostProcessor$CrudMethodMetadataPopulatingMethodInterceptor.invoke(CrudMethodMetadataPostProcessor.java:178)
	at org.springframework.aop.framework.ReflectiveMethodInvocation.proceed(ReflectiveMethodInvocation.java:186)
	at org.springframework.aop.interceptor.ExposeInvocationInterceptor.invoke(ExposeInvocationInterceptor.java:95)
	at org.springframework.aop.framework.ReflectiveMethodInvocation.proceed(ReflectiveMethodInvocation.java:186)
	at org.springframework.aop.framework.JdkDynamicAopProxy.invoke(JdkDynamicAopProxy.java:212)
	at com.sun.proxy.$Proxy97.count(Unknown Source)
	at com.tactfactory.monprojetsb.monprojetsb.services.ProductServiceTest.TestDelete(ProductServiceTest.java:119)
	at sun.reflect.NativeMethodAccessorImpl.invoke0(Native Method)
	at sun.reflect.NativeMethodAccessorImpl.invoke(NativeMethodAccessorImpl.java:62)
	at sun.reflect.DelegatingMethodAccessorImpl.invoke(DelegatingMethodAccessorImpl.java:43)
	at java.lang.reflect.Method.invoke(Method.java:498)
	at org.junit.runners.model.FrameworkMethod$1.runReflectiveCall(FrameworkMethod.java:50)
	at org.junit.internal.runners.model.ReflectiveCallable.run(ReflectiveCallable.java:12)
	at org.junit.runners.model.FrameworkMethod.invokeExplosively(FrameworkMethod.java:47)
	at org.junit.internal.runners.statements.InvokeMethod.evaluate(InvokeMethod.java:17)
	at org.springframework.test.context.junit4.statements.RunBeforeTestExecutionCallbacks.evaluate(RunBeforeTestExecutionCallbacks.java:74)
	at org.springframework.test.context.junit4.statements.RunAfterTestExecutionCallbacks.evaluate(RunAfterTestExecutionCallbacks.java:84)
	at org.springframework.test.context.junit4.statements.RunBeforeTestMethodCallbacks.evaluate(RunBeforeTestMethodCallbacks.java:75)
	at org.springframework.test.context.junit4.statements.RunAfterTestMethodCallbacks.evaluate(RunAfterTestMethodCallbacks.java:86)
	at org.springframework.test.context.junit4.statements.SpringRepeat.evaluate(SpringRepeat.java:84)
	at org.junit.runners.ParentRunner.runLeaf(ParentRunner.java:325)
	at org.springframework.test.context.junit4.SpringJUnit4ClassRunner.runChild(SpringJUnit4ClassRunner.java:251)
	at org.springframework.test.context.junit4.SpringJUnit4ClassRunner.runChild(SpringJUnit4ClassRunner.java:97)
	at org.junit.runners.ParentRunner$3.run(ParentRunner.java:290)
	at org.junit.runners.ParentRunner$1.schedule(ParentRunner.java:71)
	at org.junit.runners.ParentRunner.runChildren(ParentRunner.java:288)
	at org.junit.runners.ParentRunner.access$000(ParentRunner.java:58)
	at org.junit.runners.ParentRunner$2.evaluate(ParentRunner.java:268)
	at org.springframework.test.context.junit4.statements.RunBeforeTestClassCallbacks.evaluate(RunBeforeTestClassCallbacks.java:61)
	at org.springframework.test.context.junit4.statements.RunAfterTestClassCallbacks.evaluate(RunAfterTestClassCallbacks.java:70)
	at org.junit.runners.ParentRunner.run(ParentRunner.java:363)
	at org.springframework.test.context.junit4.SpringJUnit4ClassRunner.run(SpringJUnit4ClassRunner.java:190)
	at org.junit.runner.JUnitCore.run(JUnitCore.java:137)
	at org.junit.runner.JUnitCore.run(JUnitCore.java:115)
	at org.junit.vintage.engine.execution.RunnerExecutor.execute(RunnerExecutor.java:40)
	at java.util.stream.ForEachOps$ForEachOp$OfRef.accept(ForEachOps.java:183)
	at java.util.stream.ReferencePipeline$3$1.accept(ReferencePipeline.java:193)
	at java.util.Iterator.forEachRemaining(Iterator.java:116)
	at java.util.Spliterators$IteratorSpliterator.forEachRemaining(Spliterators.java:1801)
	at java.util.stream.AbstractPipeline.copyInto(AbstractPipeline.java:482)
	at java.util.stream.AbstractPipeline.wrapAndCopyInto(AbstractPipeline.java:472)
	at java.util.stream.ForEachOps$ForEachOp.evaluateSequential(ForEachOps.java:150)
	at java.util.stream.ForEachOps$ForEachOp$OfRef.evaluateSequential(ForEachOps.java:173)
	at java.util.stream.AbstractPipeline.evaluate(AbstractPipeline.java:234)
	at java.util.stream.ReferencePipeline.forEach(ReferencePipeline.java:485)
	at org.junit.vintage.engine.VintageTestEngine.executeAllChildren(VintageTestEngine.java:80)
	at org.junit.vintage.engine.VintageTestEngine.execute(VintageTestEngine.java:71)
	at org.junit.platform.launcher.core.DefaultLauncher.execute(DefaultLauncher.java:220)
	at org.junit.platform.launcher.core.DefaultLauncher.lambda$execute$6(DefaultLauncher.java:188)
	at org.junit.platform.launcher.core.DefaultLauncher.withInterceptedStreams(DefaultLauncher.java:202)
	at org.junit.platform.launcher.core.DefaultLauncher.execute(DefaultLauncher.java:181)
	at org.junit.platform.launcher.core.DefaultLauncher.execute(DefaultLauncher.java:128)
	at org.gradle.api.internal.tasks.testing.junitplatform.JUnitPlatformTestClassProcessor$CollectAllTestClassesExecutor.processAllTestClasses(JUnitPlatformTestClassProcessor.java:99)
	at org.gradle.api.internal.tasks.testing.junitplatform.JUnitPlatformTestClassProcessor$CollectAllTestClassesExecutor.access$000(JUnitPlatformTestClassProcessor.java:79)
	at org.gradle.api.internal.tasks.testing.junitplatform.JUnitPlatformTestClassProcessor.stop(JUnitPlatformTestClassProcessor.java:75)
	at org.gradle.api.internal.tasks.testing.SuiteTestClassProcessor.stop(SuiteTestClassProcessor.java:61)
	at sun.reflect.NativeMethodAccessorImpl.invoke0(Native Method)
	at sun.reflect.NativeMethodAccessorImpl.invoke(NativeMethodAccessorImpl.java:62)
	at sun.reflect.DelegatingMethodAccessorImpl.invoke(DelegatingMethodAccessorImpl.java:43)
	at java.lang.reflect.Method.invoke(Method.java:498)
	at org.gradle.internal.dispatch.ReflectionDispatch.dispatch(ReflectionDispatch.java:36)
	at org.gradle.internal.dispatch.ReflectionDispatch.dispatch(ReflectionDispatch.java:24)
	at org.gradle.internal.dispatch.ContextClassLoaderDispatch.dispatch(ContextClassLoaderDispatch.java:33)
	at org.gradle.internal.dispatch.ProxyDispatchAdapter$DispatchingInvocationHandler.invoke(ProxyDispatchAdapter.java:94)
	at com.sun.proxy.$Proxy2.stop(Unknown Source)
	at org.gradle.api.internal.tasks.testing.worker.TestWorker.stop(TestWorker.java:132)
	at sun.reflect.NativeMethodAccessorImpl.invoke0(Native Method)
	at sun.reflect.NativeMethodAccessorImpl.invoke(NativeMethodAccessorImpl.java:62)
	at sun.reflect.DelegatingMethodAccessorImpl.invoke(DelegatingMethodAccessorImpl.java:43)
	at java.lang.reflect.Method.invoke(Method.java:498)
	at org.gradle.internal.dispatch.ReflectionDispatch.dispatch(ReflectionDispatch.java:36)
	at org.gradle.internal.dispatch.ReflectionDispatch.dispatch(ReflectionDispatch.java:24)
	at org.gradle.internal.remote.internal.hub.MessageHubBackedObjectConnection$DispatchWrapper.dispatch(MessageHubBackedObjectConnection.java:182)
	at org.gradle.internal.remote.internal.hub.MessageHubBackedObjectConnection$DispatchWrapper.dispatch(MessageHubBackedObjectConnection.java:164)
	at org.gradle.internal.remote.internal.hub.MessageHub$Handler.run(MessageHub.java:412)
	at org.gradle.internal.concurrent.ExecutorPolicy$CatchAndRecordFailures.onExecute(ExecutorPolicy.java:64)
	at org.gradle.internal.concurrent.ManagedExecutorImpl$1.run(ManagedExecutorImpl.java:48)
	at java.util.concurrent.ThreadPoolExecutor.runWorker(ThreadPoolExecutor.java:1149)
	at java.util.concurrent.ThreadPoolExecutor$Worker.run(ThreadPoolExecutor.java:624)
	at org.gradle.internal.concurrent.ThreadFactoryImpl$ManagedThreadRunnable.run(ThreadFactoryImpl.java:56)
	at java.lang.Thread.run(Thread.java:748)
Caused by: org.hibernate.exception.ConstraintViolationException: could not execute statement
	at org.hibernate.exception.internal.SQLExceptionTypeDelegate.convert(SQLExceptionTypeDelegate.java:59)
	at org.hibernate.exception.internal.StandardSQLExceptionConverter.convert(StandardSQLExceptionConverter.java:42)
	at org.hibernate.engine.jdbc.spi.SqlExceptionHelper.convert(SqlExceptionHelper.java:113)
	at org.hibernate.engine.jdbc.spi.SqlExceptionHelper.convert(SqlExceptionHelper.java:99)
	at org.hibernate.engine.jdbc.internal.ResultSetReturnImpl.executeUpdate(ResultSetReturnImpl.java:200)
	at org.hibernate.persister.entity.AbstractEntityPersister.insert(AbstractEntityPersister.java:3235)
	at org.hibernate.persister.entity.AbstractEntityPersister.insert(AbstractEntityPersister.java:3760)
	at org.hibernate.action.internal.EntityInsertAction.execute(EntityInsertAction.java:107)
	at org.hibernate.engine.spi.ActionQueue.executeActions(ActionQueue.java:604)
	at org.hibernate.engine.spi.ActionQueue.lambda$executeActions$1(ActionQueue.java:478)
	at java.util.LinkedHashMap.forEach(LinkedHashMap.java:684)
	at org.hibernate.engine.spi.ActionQueue.executeActions(ActionQueue.java:475)
	at org.hibernate.event.internal.AbstractFlushingEventListener.performExecutions(AbstractFlushingEventListener.java:348)
	at org.hibernate.event.internal.DefaultAutoFlushEventListener.onAutoFlush(DefaultAutoFlushEventListener.java:57)
	at org.hibernate.event.service.internal.EventListenerGroupImpl.fireEventOnEachListener(EventListenerGroupImpl.java:102)
	at org.hibernate.internal.SessionImpl.autoFlushIfRequired(SessionImpl.java:1317)
	at org.hibernate.internal.SessionImpl.list(SessionImpl.java:1397)
	at org.hibernate.query.internal.AbstractProducedQuery.doList(AbstractProducedQuery.java:1562)
	at org.hibernate.query.internal.AbstractProducedQuery.list(AbstractProducedQuery.java:1530)
	at org.hibernate.query.internal.AbstractProducedQuery.getSingleResult(AbstractProducedQuery.java:1578)
	at org.springframework.data.jpa.repository.support.SimpleJpaRepository.count(SimpleJpaRepository.java:533)
	at sun.reflect.NativeMethodAccessorImpl.invoke0(Native Method)
	at sun.reflect.NativeMethodAccessorImpl.invoke(NativeMethodAccessorImpl.java:62)
	at sun.reflect.DelegatingMethodAccessorImpl.invoke(DelegatingMethodAccessorImpl.java:43)
	at java.lang.reflect.Method.invoke(Method.java:498)
	at org.springframework.data.repository.core.support.RepositoryComposition$RepositoryFragments.invoke(RepositoryComposition.java:371)
	at org.springframework.data.repository.core.support.RepositoryComposition.invoke(RepositoryComposition.java:204)
	at org.springframework.data.repository.core.support.RepositoryFactorySupport$ImplementationMethodExecutionInterceptor.invoke(RepositoryFactorySupport.java:657)
	at org.springframework.aop.framework.ReflectiveMethodInvocation.proceed(ReflectiveMethodInvocation.java:186)
	at org.springframework.data.repository.core.support.RepositoryFactorySupport$QueryExecutorMethodInterceptor.doInvoke(RepositoryFactorySupport.java:621)
	at org.springframework.data.repository.core.support.RepositoryFactorySupport$QueryExecutorMethodInterceptor.invoke(RepositoryFactorySupport.java:605)
	at org.springframework.aop.framework.ReflectiveMethodInvocation.proceed(ReflectiveMethodInvocation.java:186)
	at org.springframework.data.projection.DefaultMethodInvokingMethodInterceptor.invoke(DefaultMethodInvokingMethodInterceptor.java:80)
	at org.springframework.aop.framework.ReflectiveMethodInvocation.proceed(ReflectiveMethodInvocation.java:186)
	at org.springframework.transaction.interceptor.TransactionAspectSupport.invokeWithinTransaction(TransactionAspectSupport.java:366)
	at org.springframework.transaction.interceptor.TransactionInterceptor.invoke(TransactionInterceptor.java:118)
	at org.springframework.aop.framework.ReflectiveMethodInvocation.proceed(ReflectiveMethodInvocation.java:186)
	at org.springframework.dao.support.PersistenceExceptionTranslationInterceptor.invoke(PersistenceExceptionTranslationInterceptor.java:139)
	... 82 more
Caused by: java.sql.SQLIntegrityConstraintViolationException: Le champ 'price' ne peut être vide (null)
	at com.mysql.cj.jdbc.exceptions.SQLError.createSQLException(SQLError.java:117)
	at com.mysql.cj.jdbc.exceptions.SQLError.createSQLException(SQLError.java:97)
	at com.mysql.cj.jdbc.exceptions.SQLExceptionsMapping.translateException(SQLExceptionsMapping.java:122)
	at com.mysql.cj.jdbc.ClientPreparedStatement.executeInternal(ClientPreparedStatement.java:953)
	at com.mysql.cj.jdbc.ClientPreparedStatement.executeUpdateInternal(ClientPreparedStatement.java:1092)
	at com.mysql.cj.jdbc.ClientPreparedStatement.executeUpdateInternal(ClientPreparedStatement.java:1040)
	at com.mysql.cj.jdbc.ClientPreparedStatement.executeLargeUpdate(ClientPreparedStatement.java:1347)
	at com.mysql.cj.jdbc.ClientPreparedStatement.executeUpdate(ClientPreparedStatement.java:1025)
	at com.zaxxer.hikari.pool.ProxyPreparedStatement.executeUpdate(ProxyPreparedStatement.java:61)
	at com.zaxxer.hikari.pool.HikariProxyPreparedStatement.executeUpdate(HikariProxyPreparedStatement.java)
	at org.hibernate.engine.jdbc.internal.ResultSetReturnImpl.executeUpdate(ResultSetReturnImpl.java:197)
	... 115 more
</failure>
  </testcase>
  <testcase name="TestInsert" classname="com.tactfactory.monprojetsb.monprojetsb.services.ProductServiceTest" time="0.048">
    <failure message="org.springframework.dao.DataIntegrityViolationException: could not execute statement; SQL [n/a]; constraint [null]; nested exception is org.hibernate.exception.ConstraintViolationException: could not execute statement" type="org.springframework.dao.DataIntegrityViolationException">org.springframework.dao.DataIntegrityViolationException: could not execute statement; SQL [n/a]; constraint [null]; nested exception is org.hibernate.exception.ConstraintViolationException: could not execute statement
	at org.springframework.orm.jpa.vendor.HibernateJpaDialect.convertHibernateAccessException(HibernateJpaDialect.java:298)
	at org.springframework.orm.jpa.vendor.HibernateJpaDialect.translateExceptionIfPossible(HibernateJpaDialect.java:255)
	at org.springframework.orm.jpa.AbstractEntityManagerFactoryBean.translateExceptionIfPossible(AbstractEntityManagerFactoryBean.java:528)
	at org.springframework.dao.support.ChainedPersistenceExceptionTranslator.translateExceptionIfPossible(ChainedPersistenceExceptionTranslator.java:61)
	at org.springframework.dao.support.DataAccessUtils.translateIfNecessary(DataAccessUtils.java:242)
	at org.springframework.dao.support.PersistenceExceptionTranslationInterceptor.invoke(PersistenceExceptionTranslationInterceptor.java:153)
	at org.springframework.aop.framework.ReflectiveMethodInvocation.proceed(ReflectiveMethodInvocation.java:186)
	at org.springframework.data.jpa.repository.support.CrudMethodMetadataPostProcessor$CrudMethodMetadataPopulatingMethodInterceptor.invoke(CrudMethodMetadataPostProcessor.java:178)
	at org.springframework.aop.framework.ReflectiveMethodInvocation.proceed(ReflectiveMethodInvocation.java:186)
	at org.springframework.aop.interceptor.ExposeInvocationInterceptor.invoke(ExposeInvocationInterceptor.java:95)
	at org.springframework.aop.framework.ReflectiveMethodInvocation.proceed(ReflectiveMethodInvocation.java:186)
	at org.springframework.aop.framework.JdkDynamicAopProxy.invoke(JdkDynamicAopProxy.java:212)
	at com.sun.proxy.$Proxy97.count(Unknown Source)
	at com.tactfactory.monprojetsb.monprojetsb.services.ProductServiceTest.TestInsert(ProductServiceTest.java:46)
	at sun.reflect.NativeMethodAccessorImpl.invoke0(Native Method)
	at sun.reflect.NativeMethodAccessorImpl.invoke(NativeMethodAccessorImpl.java:62)
	at sun.reflect.DelegatingMethodAccessorImpl.invoke(DelegatingMethodAccessorImpl.java:43)
	at java.lang.reflect.Method.invoke(Method.java:498)
	at org.junit.runners.model.FrameworkMethod$1.runReflectiveCall(FrameworkMethod.java:50)
	at org.junit.internal.runners.model.ReflectiveCallable.run(ReflectiveCallable.java:12)
	at org.junit.runners.model.FrameworkMethod.invokeExplosively(FrameworkMethod.java:47)
	at org.junit.internal.runners.statements.InvokeMethod.evaluate(InvokeMethod.java:17)
	at org.springframework.test.context.junit4.statements.RunBeforeTestExecutionCallbacks.evaluate(RunBeforeTestExecutionCallbacks.java:74)
	at org.springframework.test.context.junit4.statements.RunAfterTestExecutionCallbacks.evaluate(RunAfterTestExecutionCallbacks.java:84)
	at org.springframework.test.context.junit4.statements.RunBeforeTestMethodCallbacks.evaluate(RunBeforeTestMethodCallbacks.java:75)
	at org.springframework.test.context.junit4.statements.RunAfterTestMethodCallbacks.evaluate(RunAfterTestMethodCallbacks.java:86)
	at org.springframework.test.context.junit4.statements.SpringRepeat.evaluate(SpringRepeat.java:84)
	at org.junit.runners.ParentRunner.runLeaf(ParentRunner.java:325)
	at org.springframework.test.context.junit4.SpringJUnit4ClassRunner.runChild(SpringJUnit4ClassRunner.java:251)
	at org.springframework.test.context.junit4.SpringJUnit4ClassRunner.runChild(SpringJUnit4ClassRunner.java:97)
	at org.junit.runners.ParentRunner$3.run(ParentRunner.java:290)
	at org.junit.runners.ParentRunner$1.schedule(ParentRunner.java:71)
	at org.junit.runners.ParentRunner.runChildren(ParentRunner.java:288)
	at org.junit.runners.ParentRunner.access$000(ParentRunner.java:58)
	at org.junit.runners.ParentRunner$2.evaluate(ParentRunner.java:268)
	at org.springframework.test.context.junit4.statements.RunBeforeTestClassCallbacks.evaluate(RunBeforeTestClassCallbacks.java:61)
	at org.springframework.test.context.junit4.statements.RunAfterTestClassCallbacks.evaluate(RunAfterTestClassCallbacks.java:70)
	at org.junit.runners.ParentRunner.run(ParentRunner.java:363)
	at org.springframework.test.context.junit4.SpringJUnit4ClassRunner.run(SpringJUnit4ClassRunner.java:190)
	at org.junit.runner.JUnitCore.run(JUnitCore.java:137)
	at org.junit.runner.JUnitCore.run(JUnitCore.java:115)
	at org.junit.vintage.engine.execution.RunnerExecutor.execute(RunnerExecutor.java:40)
	at java.util.stream.ForEachOps$ForEachOp$OfRef.accept(ForEachOps.java:183)
	at java.util.stream.ReferencePipeline$3$1.accept(ReferencePipeline.java:193)
	at java.util.Iterator.forEachRemaining(Iterator.java:116)
	at java.util.Spliterators$IteratorSpliterator.forEachRemaining(Spliterators.java:1801)
	at java.util.stream.AbstractPipeline.copyInto(AbstractPipeline.java:482)
	at java.util.stream.AbstractPipeline.wrapAndCopyInto(AbstractPipeline.java:472)
	at java.util.stream.ForEachOps$ForEachOp.evaluateSequential(ForEachOps.java:150)
	at java.util.stream.ForEachOps$ForEachOp$OfRef.evaluateSequential(ForEachOps.java:173)
	at java.util.stream.AbstractPipeline.evaluate(AbstractPipeline.java:234)
	at java.util.stream.ReferencePipeline.forEach(ReferencePipeline.java:485)
	at org.junit.vintage.engine.VintageTestEngine.executeAllChildren(VintageTestEngine.java:80)
	at org.junit.vintage.engine.VintageTestEngine.execute(VintageTestEngine.java:71)
	at org.junit.platform.launcher.core.DefaultLauncher.execute(DefaultLauncher.java:220)
	at org.junit.platform.launcher.core.DefaultLauncher.lambda$execute$6(DefaultLauncher.java:188)
	at org.junit.platform.launcher.core.DefaultLauncher.withInterceptedStreams(DefaultLauncher.java:202)
	at org.junit.platform.launcher.core.DefaultLauncher.execute(DefaultLauncher.java:181)
	at org.junit.platform.launcher.core.DefaultLauncher.execute(DefaultLauncher.java:128)
	at org.gradle.api.internal.tasks.testing.junitplatform.JUnitPlatformTestClassProcessor$CollectAllTestClassesExecutor.processAllTestClasses(JUnitPlatformTestClassProcessor.java:99)
	at org.gradle.api.internal.tasks.testing.junitplatform.JUnitPlatformTestClassProcessor$CollectAllTestClassesExecutor.access$000(JUnitPlatformTestClassProcessor.java:79)
	at org.gradle.api.internal.tasks.testing.junitplatform.JUnitPlatformTestClassProcessor.stop(JUnitPlatformTestClassProcessor.java:75)
	at org.gradle.api.internal.tasks.testing.SuiteTestClassProcessor.stop(SuiteTestClassProcessor.java:61)
	at sun.reflect.NativeMethodAccessorImpl.invoke0(Native Method)
	at sun.reflect.NativeMethodAccessorImpl.invoke(NativeMethodAccessorImpl.java:62)
	at sun.reflect.DelegatingMethodAccessorImpl.invoke(DelegatingMethodAccessorImpl.java:43)
	at java.lang.reflect.Method.invoke(Method.java:498)
	at org.gradle.internal.dispatch.ReflectionDispatch.dispatch(ReflectionDispatch.java:36)
	at org.gradle.internal.dispatch.ReflectionDispatch.dispatch(ReflectionDispatch.java:24)
	at org.gradle.internal.dispatch.ContextClassLoaderDispatch.dispatch(ContextClassLoaderDispatch.java:33)
	at org.gradle.internal.dispatch.ProxyDispatchAdapter$DispatchingInvocationHandler.invoke(ProxyDispatchAdapter.java:94)
	at com.sun.proxy.$Proxy2.stop(Unknown Source)
	at org.gradle.api.internal.tasks.testing.worker.TestWorker.stop(TestWorker.java:132)
	at sun.reflect.NativeMethodAccessorImpl.invoke0(Native Method)
	at sun.reflect.NativeMethodAccessorImpl.invoke(NativeMethodAccessorImpl.java:62)
	at sun.reflect.DelegatingMethodAccessorImpl.invoke(DelegatingMethodAccessorImpl.java:43)
	at java.lang.reflect.Method.invoke(Method.java:498)
	at org.gradle.internal.dispatch.ReflectionDispatch.dispatch(ReflectionDispatch.java:36)
	at org.gradle.internal.dispatch.ReflectionDispatch.dispatch(ReflectionDispatch.java:24)
	at org.gradle.internal.remote.internal.hub.MessageHubBackedObjectConnection$DispatchWrapper.dispatch(MessageHubBackedObjectConnection.java:182)
	at org.gradle.internal.remote.internal.hub.MessageHubBackedObjectConnection$DispatchWrapper.dispatch(MessageHubBackedObjectConnection.java:164)
	at org.gradle.internal.remote.internal.hub.MessageHub$Handler.run(MessageHub.java:412)
	at org.gradle.internal.concurrent.ExecutorPolicy$CatchAndRecordFailures.onExecute(ExecutorPolicy.java:64)
	at org.gradle.internal.concurrent.ManagedExecutorImpl$1.run(ManagedExecutorImpl.java:48)
	at java.util.concurrent.ThreadPoolExecutor.runWorker(ThreadPoolExecutor.java:1149)
	at java.util.concurrent.ThreadPoolExecutor$Worker.run(ThreadPoolExecutor.java:624)
	at org.gradle.internal.concurrent.ThreadFactoryImpl$ManagedThreadRunnable.run(ThreadFactoryImpl.java:56)
	at java.lang.Thread.run(Thread.java:748)
Caused by: org.hibernate.exception.ConstraintViolationException: could not execute statement
	at org.hibernate.exception.internal.SQLExceptionTypeDelegate.convert(SQLExceptionTypeDelegate.java:59)
	at org.hibernate.exception.internal.StandardSQLExceptionConverter.convert(StandardSQLExceptionConverter.java:42)
	at org.hibernate.engine.jdbc.spi.SqlExceptionHelper.convert(SqlExceptionHelper.java:113)
	at org.hibernate.engine.jdbc.spi.SqlExceptionHelper.convert(SqlExceptionHelper.java:99)
	at org.hibernate.engine.jdbc.internal.ResultSetReturnImpl.executeUpdate(ResultSetReturnImpl.java:200)
	at org.hibernate.persister.entity.AbstractEntityPersister.insert(AbstractEntityPersister.java:3235)
	at org.hibernate.persister.entity.AbstractEntityPersister.insert(AbstractEntityPersister.java:3760)
	at org.hibernate.action.internal.EntityInsertAction.execute(EntityInsertAction.java:107)
	at org.hibernate.engine.spi.ActionQueue.executeActions(ActionQueue.java:604)
	at org.hibernate.engine.spi.ActionQueue.lambda$executeActions$1(ActionQueue.java:478)
	at java.util.LinkedHashMap.forEach(LinkedHashMap.java:684)
	at org.hibernate.engine.spi.ActionQueue.executeActions(ActionQueue.java:475)
	at org.hibernate.event.internal.AbstractFlushingEventListener.performExecutions(AbstractFlushingEventListener.java:348)
	at org.hibernate.event.internal.DefaultAutoFlushEventListener.onAutoFlush(DefaultAutoFlushEventListener.java:57)
	at org.hibernate.event.service.internal.EventListenerGroupImpl.fireEventOnEachListener(EventListenerGroupImpl.java:102)
	at org.hibernate.internal.SessionImpl.autoFlushIfRequired(SessionImpl.java:1317)
	at org.hibernate.internal.SessionImpl.list(SessionImpl.java:1397)
	at org.hibernate.query.internal.AbstractProducedQuery.doList(AbstractProducedQuery.java:1562)
	at org.hibernate.query.internal.AbstractProducedQuery.list(AbstractProducedQuery.java:1530)
	at org.hibernate.query.internal.AbstractProducedQuery.getSingleResult(AbstractProducedQuery.java:1578)
	at org.springframework.data.jpa.repository.support.SimpleJpaRepository.count(SimpleJpaRepository.java:533)
	at sun.reflect.NativeMethodAccessorImpl.invoke0(Native Method)
	at sun.reflect.NativeMethodAccessorImpl.invoke(NativeMethodAccessorImpl.java:62)
	at sun.reflect.DelegatingMethodAccessorImpl.invoke(DelegatingMethodAccessorImpl.java:43)
	at java.lang.reflect.Method.invoke(Method.java:498)
	at org.springframework.data.repository.core.support.RepositoryComposition$RepositoryFragments.invoke(RepositoryComposition.java:371)
	at org.springframework.data.repository.core.support.RepositoryComposition.invoke(RepositoryComposition.java:204)
	at org.springframework.data.repository.core.support.RepositoryFactorySupport$ImplementationMethodExecutionInterceptor.invoke(RepositoryFactorySupport.java:657)
	at org.springframework.aop.framework.ReflectiveMethodInvocation.proceed(ReflectiveMethodInvocation.java:186)
	at org.springframework.data.repository.core.support.RepositoryFactorySupport$QueryExecutorMethodInterceptor.doInvoke(RepositoryFactorySupport.java:621)
	at org.springframework.data.repository.core.support.RepositoryFactorySupport$QueryExecutorMethodInterceptor.invoke(RepositoryFactorySupport.java:605)
	at org.springframework.aop.framework.ReflectiveMethodInvocation.proceed(ReflectiveMethodInvocation.java:186)
	at org.springframework.data.projection.DefaultMethodInvokingMethodInterceptor.invoke(DefaultMethodInvokingMethodInterceptor.java:80)
	at org.springframework.aop.framework.ReflectiveMethodInvocation.proceed(ReflectiveMethodInvocation.java:186)
	at org.springframework.transaction.interceptor.TransactionAspectSupport.invokeWithinTransaction(TransactionAspectSupport.java:366)
	at org.springframework.transaction.interceptor.TransactionInterceptor.invoke(TransactionInterceptor.java:118)
	at org.springframework.aop.framework.ReflectiveMethodInvocation.proceed(ReflectiveMethodInvocation.java:186)
	at org.springframework.dao.support.PersistenceExceptionTranslationInterceptor.invoke(PersistenceExceptionTranslationInterceptor.java:139)
	... 82 more
Caused by: java.sql.SQLIntegrityConstraintViolationException: Le champ 'price' ne peut être vide (null)
	at com.mysql.cj.jdbc.exceptions.SQLError.createSQLException(SQLError.java:117)
	at com.mysql.cj.jdbc.exceptions.SQLError.createSQLException(SQLError.java:97)
	at com.mysql.cj.jdbc.exceptions.SQLExceptionsMapping.translateException(SQLExceptionsMapping.java:122)
	at com.mysql.cj.jdbc.ClientPreparedStatement.executeInternal(ClientPreparedStatement.java:953)
	at com.mysql.cj.jdbc.ClientPreparedStatement.executeUpdateInternal(ClientPreparedStatement.java:1092)
	at com.mysql.cj.jdbc.ClientPreparedStatement.executeUpdateInternal(ClientPreparedStatement.java:1040)
	at com.mysql.cj.jdbc.ClientPreparedStatement.executeLargeUpdate(ClientPreparedStatement.java:1347)
	at com.mysql.cj.jdbc.ClientPreparedStatement.executeUpdate(ClientPreparedStatement.java:1025)
	at com.zaxxer.hikari.pool.ProxyPreparedStatement.executeUpdate(ProxyPreparedStatement.java:61)
	at com.zaxxer.hikari.pool.HikariProxyPreparedStatement.executeUpdate(HikariProxyPreparedStatement.java)
	at org.hibernate.engine.jdbc.internal.ResultSetReturnImpl.executeUpdate(ResultSetReturnImpl.java:197)
	... 115 more
</failure>
  </testcase>
  <testcase name="getOneProduct" classname="com.tactfactory.monprojetsb.monprojetsb.services.ProductServiceTest" time="0.136"/>
  <testcase name="TestUpdateProduct" classname="com.tactfactory.monprojetsb.monprojetsb.services.ProductServiceTest" time="0.04"/>
  <testcase name="TestInsertProduct" classname="com.tactfactory.monprojetsb.monprojetsb.services.ProductServiceTest" time="0.025"/>
  <testcase name="TestDeleteProduct" classname="com.tactfactory.monprojetsb.monprojetsb.services.ProductServiceTest" time="0.053"/>
  <system-out><![CDATA[15:56:55.571 [Test worker] DEBUG org.springframework.test.annotation.ProfileValueUtils - Retrieved @ProfileValueSourceConfiguration [null] for test class [com.tactfactory.monprojetsb.monprojetsb.services.ProductServiceTest]
15:56:55.571 [Test worker] DEBUG org.springframework.test.annotation.ProfileValueUtils - Retrieved ProfileValueSource type [class org.springframework.test.annotation.SystemProfileValueSource] for class [com.tactfactory.monprojetsb.monprojetsb.services.ProductServiceTest]
15:56:55.573 [Test worker] DEBUG org.springframework.test.annotation.ProfileValueUtils - Retrieved @ProfileValueSourceConfiguration [null] for test class [com.tactfactory.monprojetsb.monprojetsb.services.ProductServiceTest]
15:56:55.573 [Test worker] DEBUG org.springframework.test.annotation.ProfileValueUtils - Retrieved ProfileValueSource type [class org.springframework.test.annotation.SystemProfileValueSource] for class [com.tactfactory.monprojetsb.monprojetsb.services.ProductServiceTest]
15:56:55.585 [Test worker] DEBUG org.springframework.test.context.support.AbstractDirtiesContextTestExecutionListener - Before test class: context [DefaultTestContext@1de2efb6 testClass = ProductServiceTest, testInstance = [null], testMethod = [null], testException = [null], mergedContextConfiguration = [MergedContextConfiguration@4667927f testClass = ProductServiceTest, locations = '{}', classes = '{class com.tactfactory.monprojetsb.monprojetsb.MonprojetsbApplication}', contextInitializerClasses = '[]', activeProfiles = '{}', propertySourceLocations = '{}', propertySourceProperties = '{org.springframework.boot.test.autoconfigure.orm.jpa.DataJpaTestContextBootstrapper=true}', contextCustomizers = set[org.springframework.boot.test.autoconfigure.OverrideAutoConfigurationContextCustomizerFactory$DisableAutoConfigurationContextCustomizer@76caae6f, org.springframework.boot.test.autoconfigure.filter.TypeExcludeFiltersContextCustomizer@351584c0, org.springframework.boot.test.autoconfigure.properties.PropertyMappingContextCustomizer@2dd4c187, org.springframework.boot.test.autoconfigure.web.servlet.WebDriverContextCustomizerFactory$Customizer@3201bac6, [ImportsContextCustomizer@3adcce4e key = [@org.springframework.boot.test.autoconfigure.orm.jpa.AutoConfigureDataJpa(), @org.springframework.boot.test.autoconfigure.orm.jpa.AutoConfigureTestEntityManager(), @org.springframework.boot.autoconfigure.domain.EntityScan(basePackages=[com.tactfactory.monprojetsb.monprojetsb], basePackageClasses=[], value=[]), @org.apiguardian.api.API(consumers=[*], since=5.0, status=STABLE), @org.springframework.boot.test.autoconfigure.properties.PropertyMapping(value=spring.test.database, skip=NO), @org.springframework.boot.test.autoconfigure.jdbc.AutoConfigureTestDatabase(replace=NONE, connection=NONE), @org.springframework.transaction.annotation.Transactional(propagation=REQUIRED, rollbackForClassName=[], transactionManager=, isolation=DEFAULT, readOnly=false, noRollbackForClassName=[], noRollbackFor=[], value=, timeout=-1, rollbackFor=[]), @org.springframework.boot.test.autoconfigure.core.AutoConfigureCache(cacheProvider=NONE), @org.springframework.boot.test.autoconfigure.orm.jpa.DataJpaTest(excludeAutoConfiguration=[], showSql=true, useDefaultFilters=true, excludeFilters=[], includeFilters=[], properties=[]), @org.springframework.context.annotation.Import(value=[class org.springframework.boot.autoconfigure.ImportAutoConfigurationImportSelector]), @org.springframework.context.annotation.ComponentScan(scopeResolver=class org.springframework.context.annotation.AnnotationScopeMetadataResolver, lazyInit=false, resourcePattern=**/*.class, useDefaultFilters=true, excludeFilters=[], scopedProxy=DEFAULT, basePackageClasses=[], nameGenerator=interface org.springframework.beans.factory.support.BeanNameGenerator, basePackages=[com.tactfactory.monprojetsb.monprojetsb], includeFilters=[], value=[]), @org.springframework.boot.autoconfigure.ImportAutoConfiguration(value=[], exclude=[], classes=[]), @org.junit.runner.RunWith(value=class org.springframework.test.context.junit4.SpringRunner), @org.springframework.boot.test.autoconfigure.jdbc.AutoConfigureTestDatabase(replace=ANY, connection=NONE), @org.junit.jupiter.api.extension.ExtendWith(value=[class org.springframework.test.context.junit.jupiter.SpringExtension]), @org.springframework.boot.test.autoconfigure.OverrideAutoConfiguration(enabled=false), @org.springframework.context.annotation.Import(value=[class org.springframework.boot.autoconfigure.domain.EntityScanPackages$Registrar]), @org.springframework.boot.test.autoconfigure.filter.TypeExcludeFilters(value=[class org.springframework.boot.test.autoconfigure.orm.jpa.DataJpaTypeExcludeFilter]), @org.springframework.test.context.BootstrapWith(value=class org.springframework.boot.test.autoconfigure.orm.jpa.DataJpaTestContextBootstrapper)]], org.springframework.boot.test.context.filter.ExcludeFilterContextCustomizer@11a961ff, org.springframework.boot.test.json.DuplicateJsonObjectContextCustomizerFactory$DuplicateJsonObjectContextCustomizer@67870133, org.springframework.boot.test.mock.mockito.MockitoContextCustomizer@0], contextLoader = 'org.springframework.boot.test.context.SpringBootContextLoader', parent = [null]], attributes = map[[empty]]], class annotated with @DirtiesContext [false] with mode [null].
15:56:55.591 [Test worker] DEBUG org.springframework.test.annotation.ProfileValueUtils - Retrieved @ProfileValueSourceConfiguration [null] for test class [com.tactfactory.monprojetsb.monprojetsb.services.ProductServiceTest]
15:56:55.591 [Test worker] DEBUG org.springframework.test.annotation.ProfileValueUtils - Retrieved ProfileValueSource type [class org.springframework.test.annotation.SystemProfileValueSource] for class [com.tactfactory.monprojetsb.monprojetsb.services.ProductServiceTest]
15:56:55.606 [Test worker] DEBUG org.springframework.test.context.support.DependencyInjectionTestExecutionListener - Performing dependency injection for test context [[DefaultTestContext@1de2efb6 testClass = ProductServiceTest, testInstance = com.tactfactory.monprojetsb.monprojetsb.services.ProductServiceTest@19db16a4, testMethod = [null], testException = [null], mergedContextConfiguration = [MergedContextConfiguration@4667927f testClass = ProductServiceTest, locations = '{}', classes = '{class com.tactfactory.monprojetsb.monprojetsb.MonprojetsbApplication}', contextInitializerClasses = '[]', activeProfiles = '{}', propertySourceLocations = '{}', propertySourceProperties = '{org.springframework.boot.test.autoconfigure.orm.jpa.DataJpaTestContextBootstrapper=true}', contextCustomizers = set[org.springframework.boot.test.autoconfigure.OverrideAutoConfigurationContextCustomizerFactory$DisableAutoConfigurationContextCustomizer@76caae6f, org.springframework.boot.test.autoconfigure.filter.TypeExcludeFiltersContextCustomizer@351584c0, org.springframework.boot.test.autoconfigure.properties.PropertyMappingContextCustomizer@2dd4c187, org.springframework.boot.test.autoconfigure.web.servlet.WebDriverContextCustomizerFactory$Customizer@3201bac6, [ImportsContextCustomizer@3adcce4e key = [@org.springframework.boot.test.autoconfigure.orm.jpa.AutoConfigureDataJpa(), @org.springframework.boot.test.autoconfigure.orm.jpa.AutoConfigureTestEntityManager(), @org.springframework.boot.autoconfigure.domain.EntityScan(basePackages=[com.tactfactory.monprojetsb.monprojetsb], basePackageClasses=[], value=[]), @org.apiguardian.api.API(consumers=[*], since=5.0, status=STABLE), @org.springframework.boot.test.autoconfigure.properties.PropertyMapping(value=spring.test.database, skip=NO), @org.springframework.boot.test.autoconfigure.jdbc.AutoConfigureTestDatabase(replace=NONE, connection=NONE), @org.springframework.transaction.annotation.Transactional(propagation=REQUIRED, rollbackForClassName=[], transactionManager=, isolation=DEFAULT, readOnly=false, noRollbackForClassName=[], noRollbackFor=[], value=, timeout=-1, rollbackFor=[]), @org.springframework.boot.test.autoconfigure.core.AutoConfigureCache(cacheProvider=NONE), @org.springframework.boot.test.autoconfigure.orm.jpa.DataJpaTest(excludeAutoConfiguration=[], showSql=true, useDefaultFilters=true, excludeFilters=[], includeFilters=[], properties=[]), @org.springframework.context.annotation.Import(value=[class org.springframework.boot.autoconfigure.ImportAutoConfigurationImportSelector]), @org.springframework.context.annotation.ComponentScan(scopeResolver=class org.springframework.context.annotation.AnnotationScopeMetadataResolver, lazyInit=false, resourcePattern=**/*.class, useDefaultFilters=true, excludeFilters=[], scopedProxy=DEFAULT, basePackageClasses=[], nameGenerator=interface org.springframework.beans.factory.support.BeanNameGenerator, basePackages=[com.tactfactory.monprojetsb.monprojetsb], includeFilters=[], value=[]), @org.springframework.boot.autoconfigure.ImportAutoConfiguration(value=[], exclude=[], classes=[]), @org.junit.runner.RunWith(value=class org.springframework.test.context.junit4.SpringRunner), @org.springframework.boot.test.autoconfigure.jdbc.AutoConfigureTestDatabase(replace=ANY, connection=NONE), @org.junit.jupiter.api.extension.ExtendWith(value=[class org.springframework.test.context.junit.jupiter.SpringExtension]), @org.springframework.boot.test.autoconfigure.OverrideAutoConfiguration(enabled=false), @org.springframework.context.annotation.Import(value=[class org.springframework.boot.autoconfigure.domain.EntityScanPackages$Registrar]), @org.springframework.boot.test.autoconfigure.filter.TypeExcludeFilters(value=[class org.springframework.boot.test.autoconfigure.orm.jpa.DataJpaTypeExcludeFilter]), @org.springframework.test.context.BootstrapWith(value=class org.springframework.boot.test.autoconfigure.orm.jpa.DataJpaTestContextBootstrapper)]], org.springframework.boot.test.context.filter.ExcludeFilterContextCustomizer@11a961ff, org.springframework.boot.test.json.DuplicateJsonObjectContextCustomizerFactory$DuplicateJsonObjectContextCustomizer@67870133, org.springframework.boot.test.mock.mockito.MockitoContextCustomizer@0], contextLoader = 'org.springframework.boot.test.context.SpringBootContextLoader', parent = [null]], attributes = map[[empty]]]].
15:56:55.921 [Test worker] DEBUG org.springframework.test.context.support.TestPropertySourceUtils - Adding inlined properties to environment: {spring.jmx.enabled=false, org.springframework.boot.test.autoconfigure.orm.jpa.DataJpaTestContextBootstrapper=true, server.port=-1}

  .   ____          _            __ _ _
 /\\ / ___'_ __ _ _(_)_ __  __ _ \ \ \ \
( ( )\___ | '_ | '_| | '_ \/ _` | \ \ \ \
 \\/  ___)| |_)| | | | | || (_| |  ) ) ) )
  '  |____| .__|_| |_|_| |_\__, | / / / /
 =========|_|==============|___/=/_/_/_/
 :: Spring Boot ::        (v2.2.6.RELEASE)

2020-05-05 15:56:56.816  INFO 18576 --- [    Test worker] c.t.m.m.services.ProductServiceTest      : Starting ProductServiceTest on DESKTOP-M4T51JE with PID 18576 (started by cleml in C:\Users\cleml\eclipse-workspace\workspaceTeletravail\monprojetsb)
2020-05-05 15:56:56.822  INFO 18576 --- [    Test worker] c.t.m.m.services.ProductServiceTest      : No active profile set, falling back to default profiles: default
2020-05-05 15:56:57.829  INFO 18576 --- [    Test worker] .s.d.r.c.RepositoryConfigurationDelegate : Bootstrapping Spring Data JPA repositories in DEFAULT mode.
2020-05-05 15:56:58.019  INFO 18576 --- [    Test worker] .s.d.r.c.RepositoryConfigurationDelegate : Finished Spring Data repository scanning in 160ms. Found 2 JPA repository interfaces.
2020-05-05 15:56:59.058  INFO 18576 --- [    Test worker] o.hibernate.jpa.internal.util.LogHelper  : HHH000204: Processing PersistenceUnitInfo [name: default]
2020-05-05 15:56:59.285  INFO 18576 --- [    Test worker] org.hibernate.Version                    : HHH000412: Hibernate ORM core version 5.4.12.Final
2020-05-05 15:56:59.678  INFO 18576 --- [    Test worker] o.hibernate.annotations.common.Version   : HCANN000001: Hibernate Commons Annotations {5.1.0.Final}
2020-05-05 15:56:59.955  INFO 18576 --- [    Test worker] com.zaxxer.hikari.HikariDataSource       : HikariPool-1 - Starting...
2020-05-05 15:57:00.291  INFO 18576 --- [    Test worker] com.zaxxer.hikari.HikariDataSource       : HikariPool-1 - Start completed.
2020-05-05 15:57:00.320  INFO 18576 --- [    Test worker] org.hibernate.dialect.Dialect            : HHH000400: Using dialect: org.hibernate.dialect.MySQL55Dialect
2020-05-05 15:57:01.602  INFO 18576 --- [    Test worker] o.h.e.t.j.p.i.JtaPlatformInitiator       : HHH000490: Using JtaPlatform implementation: [org.hibernate.engine.transaction.jta.platform.internal.NoJtaPlatform]
2020-05-05 15:57:01.617  INFO 18576 --- [    Test worker] j.LocalContainerEntityManagerFactoryBean : Initialized JPA EntityManagerFactory for persistence unit 'default'
2020-05-05 15:57:02.543  INFO 18576 --- [    Test worker] c.t.m.m.services.ProductServiceTest      : Started ProductServiceTest in 6.618 seconds (JVM running for 9.843)
2020-05-05 15:57:02.577  INFO 18576 --- [    Test worker] o.s.t.c.transaction.TransactionContext   : Began transaction (1) for test context [DefaultTestContext@1de2efb6 testClass = ProductServiceTest, testInstance = com.tactfactory.monprojetsb.monprojetsb.services.ProductServiceTest@19db16a4, testMethod = TestDelete@ProductServiceTest, testException = [null], mergedContextConfiguration = [MergedContextConfiguration@4667927f testClass = ProductServiceTest, locations = '{}', classes = '{class com.tactfactory.monprojetsb.monprojetsb.MonprojetsbApplication}', contextInitializerClasses = '[]', activeProfiles = '{}', propertySourceLocations = '{}', propertySourceProperties = '{org.springframework.boot.test.autoconfigure.orm.jpa.DataJpaTestContextBootstrapper=true}', contextCustomizers = set[org.springframework.boot.test.autoconfigure.OverrideAutoConfigurationContextCustomizerFactory$DisableAutoConfigurationContextCustomizer@76caae6f, org.springframework.boot.test.autoconfigure.filter.TypeExcludeFiltersContextCustomizer@351584c0, org.springframework.boot.test.autoconfigure.properties.PropertyMappingContextCustomizer@2dd4c187, org.springframework.boot.test.autoconfigure.web.servlet.WebDriverContextCustomizerFactory$Customizer@3201bac6, [ImportsContextCustomizer@3adcce4e key = [@org.springframework.boot.test.autoconfigure.orm.jpa.AutoConfigureDataJpa(), @org.springframework.boot.test.autoconfigure.orm.jpa.AutoConfigureTestEntityManager(), @org.springframework.boot.autoconfigure.domain.EntityScan(basePackages=[com.tactfactory.monprojetsb.monprojetsb], basePackageClasses=[], value=[]), @org.apiguardian.api.API(consumers=[*], since=5.0, status=STABLE), @org.springframework.boot.test.autoconfigure.properties.PropertyMapping(value=spring.test.database, skip=NO), @org.springframework.boot.test.autoconfigure.jdbc.AutoConfigureTestDatabase(replace=NONE, connection=NONE), @org.springframework.transaction.annotation.Transactional(propagation=REQUIRED, rollbackForClassName=[], transactionManager=, isolation=DEFAULT, readOnly=false, noRollbackForClassName=[], noRollbackFor=[], value=, timeout=-1, rollbackFor=[]), @org.springframework.boot.test.autoconfigure.core.AutoConfigureCache(cacheProvider=NONE), @org.springframework.boot.test.autoconfigure.orm.jpa.DataJpaTest(excludeAutoConfiguration=[], showSql=true, useDefaultFilters=true, excludeFilters=[], includeFilters=[], properties=[]), @org.springframework.context.annotation.Import(value=[class org.springframework.boot.autoconfigure.ImportAutoConfigurationImportSelector]), @org.springframework.context.annotation.ComponentScan(scopeResolver=class org.springframework.context.annotation.AnnotationScopeMetadataResolver, lazyInit=false, resourcePattern=**/*.class, useDefaultFilters=true, excludeFilters=[], scopedProxy=DEFAULT, basePackageClasses=[], nameGenerator=interface org.springframework.beans.factory.support.BeanNameGenerator, basePackages=[com.tactfactory.monprojetsb.monprojetsb], includeFilters=[], value=[]), @org.springframework.boot.autoconfigure.ImportAutoConfiguration(value=[], exclude=[], classes=[]), @org.junit.runner.RunWith(value=class org.springframework.test.context.junit4.SpringRunner), @org.springframework.boot.test.autoconfigure.jdbc.AutoConfigureTestDatabase(replace=ANY, connection=NONE), @org.junit.jupiter.api.extension.ExtendWith(value=[class org.springframework.test.context.junit.jupiter.SpringExtension]), @org.springframework.boot.test.autoconfigure.OverrideAutoConfiguration(enabled=false), @org.springframework.context.annotation.Import(value=[class org.springframework.boot.autoconfigure.domain.EntityScanPackages$Registrar]), @org.springframework.boot.test.autoconfigure.filter.TypeExcludeFilters(value=[class org.springframework.boot.test.autoconfigure.orm.jpa.DataJpaTypeExcludeFilter]), @org.springframework.test.context.BootstrapWith(value=class org.springframework.boot.test.autoconfigure.orm.jpa.DataJpaTestContextBootstrapper)]], org.springframework.boot.test.context.filter.ExcludeFilterContextCustomizer@11a961ff, org.springframework.boot.test.json.DuplicateJsonObjectContextCustomizerFactory$DuplicateJsonObjectContextCustomizer@67870133, org.springframework.boot.test.mock.mockito.MockitoContextCustomizer@0], contextLoader = 'org.springframework.boot.test.context.SpringBootContextLoader', parent = [null]], attributes = map[[empty]]]; transaction manager [org.springframework.orm.jpa.JpaTransactionManager@cf719e]; rollback [true]
Hibernate: select next_val as id_val from hibernate_sequence for update
Hibernate: update hibernate_sequence set next_val= ? where next_val=?
Hibernate: insert into product (name, price, id) values (?, ?, ?)
2020-05-05 15:57:03.055  WARN 18576 --- [    Test worker] o.h.engine.jdbc.spi.SqlExceptionHelper   : SQL Error: 1048, SQLState: 23000
2020-05-05 15:57:03.055 ERROR 18576 --- [    Test worker] o.h.engine.jdbc.spi.SqlExceptionHelper   : Le champ 'price' ne peut être vide (null)
2020-05-05 15:57:03.075  INFO 18576 --- [    Test worker] o.s.t.c.transaction.TransactionContext   : Rolled back transaction for test: [DefaultTestContext@1de2efb6 testClass = ProductServiceTest, testInstance = com.tactfactory.monprojetsb.monprojetsb.services.ProductServiceTest@19db16a4, testMethod = TestDelete@ProductServiceTest, testException = org.springframework.dao.DataIntegrityViolationException: could not execute statement; SQL [n/a]; constraint [null]; nested exception is org.hibernate.exception.ConstraintViolationException: could not execute statement, mergedContextConfiguration = [MergedContextConfiguration@4667927f testClass = ProductServiceTest, locations = '{}', classes = '{class com.tactfactory.monprojetsb.monprojetsb.MonprojetsbApplication}', contextInitializerClasses = '[]', activeProfiles = '{}', propertySourceLocations = '{}', propertySourceProperties = '{org.springframework.boot.test.autoconfigure.orm.jpa.DataJpaTestContextBootstrapper=true}', contextCustomizers = set[org.springframework.boot.test.autoconfigure.OverrideAutoConfigurationContextCustomizerFactory$DisableAutoConfigurationContextCustomizer@76caae6f, org.springframework.boot.test.autoconfigure.filter.TypeExcludeFiltersContextCustomizer@351584c0, org.springframework.boot.test.autoconfigure.properties.PropertyMappingContextCustomizer@2dd4c187, org.springframework.boot.test.autoconfigure.web.servlet.WebDriverContextCustomizerFactory$Customizer@3201bac6, [ImportsContextCustomizer@3adcce4e key = [@org.springframework.boot.test.autoconfigure.orm.jpa.AutoConfigureDataJpa(), @org.springframework.boot.test.autoconfigure.orm.jpa.AutoConfigureTestEntityManager(), @org.springframework.boot.autoconfigure.domain.EntityScan(basePackages=[com.tactfactory.monprojetsb.monprojetsb], basePackageClasses=[], value=[]), @org.apiguardian.api.API(consumers=[*], since=5.0, status=STABLE), @org.springframework.boot.test.autoconfigure.properties.PropertyMapping(value=spring.test.database, skip=NO), @org.springframework.boot.test.autoconfigure.jdbc.AutoConfigureTestDatabase(replace=NONE, connection=NONE), @org.springframework.transaction.annotation.Transactional(propagation=REQUIRED, rollbackForClassName=[], transactionManager=, isolation=DEFAULT, readOnly=false, noRollbackForClassName=[], noRollbackFor=[], value=, timeout=-1, rollbackFor=[]), @org.springframework.boot.test.autoconfigure.core.AutoConfigureCache(cacheProvider=NONE), @org.springframework.boot.test.autoconfigure.orm.jpa.DataJpaTest(excludeAutoConfiguration=[], showSql=true, useDefaultFilters=true, excludeFilters=[], includeFilters=[], properties=[]), @org.springframework.context.annotation.Import(value=[class org.springframework.boot.autoconfigure.ImportAutoConfigurationImportSelector]), @org.springframework.context.annotation.ComponentScan(scopeResolver=class org.springframework.context.annotation.AnnotationScopeMetadataResolver, lazyInit=false, resourcePattern=**/*.class, useDefaultFilters=true, excludeFilters=[], scopedProxy=DEFAULT, basePackageClasses=[], nameGenerator=interface org.springframework.beans.factory.support.BeanNameGenerator, basePackages=[com.tactfactory.monprojetsb.monprojetsb], includeFilters=[], value=[]), @org.springframework.boot.autoconfigure.ImportAutoConfiguration(value=[], exclude=[], classes=[]), @org.junit.runner.RunWith(value=class org.springframework.test.context.junit4.SpringRunner), @org.springframework.boot.test.autoconfigure.jdbc.AutoConfigureTestDatabase(replace=ANY, connection=NONE), @org.junit.jupiter.api.extension.ExtendWith(value=[class org.springframework.test.context.junit.jupiter.SpringExtension]), @org.springframework.boot.test.autoconfigure.OverrideAutoConfiguration(enabled=false), @org.springframework.context.annotation.Import(value=[class org.springframework.boot.autoconfigure.domain.EntityScanPackages$Registrar]), @org.springframework.boot.test.autoconfigure.filter.TypeExcludeFilters(value=[class org.springframework.boot.test.autoconfigure.orm.jpa.DataJpaTypeExcludeFilter]), @org.springframework.test.context.BootstrapWith(value=class org.springframework.boot.test.autoconfigure.orm.jpa.DataJpaTestContextBootstrapper)]], org.springframework.boot.test.context.filter.ExcludeFilterContextCustomizer@11a961ff, org.springframework.boot.test.json.DuplicateJsonObjectContextCustomizerFactory$DuplicateJsonObjectContextCustomizer@67870133, org.springframework.boot.test.mock.mockito.MockitoContextCustomizer@0], contextLoader = 'org.springframework.boot.test.context.SpringBootContextLoader', parent = [null]], attributes = map[[empty]]]
2020-05-05 15:57:03.090  INFO 18576 --- [    Test worker] o.s.t.c.transaction.TransactionContext   : Began transaction (1) for test context [DefaultTestContext@1de2efb6 testClass = ProductServiceTest, testInstance = com.tactfactory.monprojetsb.monprojetsb.services.ProductServiceTest@72a9ef9b, testMethod = TestInsert@ProductServiceTest, testException = [null], mergedContextConfiguration = [MergedContextConfiguration@4667927f testClass = ProductServiceTest, locations = '{}', classes = '{class com.tactfactory.monprojetsb.monprojetsb.MonprojetsbApplication}', contextInitializerClasses = '[]', activeProfiles = '{}', propertySourceLocations = '{}', propertySourceProperties = '{org.springframework.boot.test.autoconfigure.orm.jpa.DataJpaTestContextBootstrapper=true}', contextCustomizers = set[org.springframework.boot.test.autoconfigure.OverrideAutoConfigurationContextCustomizerFactory$DisableAutoConfigurationContextCustomizer@76caae6f, org.springframework.boot.test.autoconfigure.filter.TypeExcludeFiltersContextCustomizer@351584c0, org.springframework.boot.test.autoconfigure.properties.PropertyMappingContextCustomizer@2dd4c187, org.springframework.boot.test.autoconfigure.web.servlet.WebDriverContextCustomizerFactory$Customizer@3201bac6, [ImportsContextCustomizer@3adcce4e key = [@org.springframework.boot.test.autoconfigure.orm.jpa.AutoConfigureDataJpa(), @org.springframework.boot.test.autoconfigure.orm.jpa.AutoConfigureTestEntityManager(), @org.springframework.boot.autoconfigure.domain.EntityScan(basePackages=[com.tactfactory.monprojetsb.monprojetsb], basePackageClasses=[], value=[]), @org.apiguardian.api.API(consumers=[*], since=5.0, status=STABLE), @org.springframework.boot.test.autoconfigure.properties.PropertyMapping(value=spring.test.database, skip=NO), @org.springframework.boot.test.autoconfigure.jdbc.AutoConfigureTestDatabase(replace=NONE, connection=NONE), @org.springframework.transaction.annotation.Transactional(propagation=REQUIRED, rollbackForClassName=[], transactionManager=, isolation=DEFAULT, readOnly=false, noRollbackForClassName=[], noRollbackFor=[], value=, timeout=-1, rollbackFor=[]), @org.springframework.boot.test.autoconfigure.core.AutoConfigureCache(cacheProvider=NONE), @org.springframework.boot.test.autoconfigure.orm.jpa.DataJpaTest(excludeAutoConfiguration=[], showSql=true, useDefaultFilters=true, excludeFilters=[], includeFilters=[], properties=[]), @org.springframework.context.annotation.Import(value=[class org.springframework.boot.autoconfigure.ImportAutoConfigurationImportSelector]), @org.springframework.context.annotation.ComponentScan(scopeResolver=class org.springframework.context.annotation.AnnotationScopeMetadataResolver, lazyInit=false, resourcePattern=**/*.class, useDefaultFilters=true, excludeFilters=[], scopedProxy=DEFAULT, basePackageClasses=[], nameGenerator=interface org.springframework.beans.factory.support.BeanNameGenerator, basePackages=[com.tactfactory.monprojetsb.monprojetsb], includeFilters=[], value=[]), @org.springframework.boot.autoconfigure.ImportAutoConfiguration(value=[], exclude=[], classes=[]), @org.junit.runner.RunWith(value=class org.springframework.test.context.junit4.SpringRunner), @org.springframework.boot.test.autoconfigure.jdbc.AutoConfigureTestDatabase(replace=ANY, connection=NONE), @org.junit.jupiter.api.extension.ExtendWith(value=[class org.springframework.test.context.junit.jupiter.SpringExtension]), @org.springframework.boot.test.autoconfigure.OverrideAutoConfiguration(enabled=false), @org.springframework.context.annotation.Import(value=[class org.springframework.boot.autoconfigure.domain.EntityScanPackages$Registrar]), @org.springframework.boot.test.autoconfigure.filter.TypeExcludeFilters(value=[class org.springframework.boot.test.autoconfigure.orm.jpa.DataJpaTypeExcludeFilter]), @org.springframework.test.context.BootstrapWith(value=class org.springframework.boot.test.autoconfigure.orm.jpa.DataJpaTestContextBootstrapper)]], org.springframework.boot.test.context.filter.ExcludeFilterContextCustomizer@11a961ff, org.springframework.boot.test.json.DuplicateJsonObjectContextCustomizerFactory$DuplicateJsonObjectContextCustomizer@67870133, org.springframework.boot.test.mock.mockito.MockitoContextCustomizer@0], contextLoader = 'org.springframework.boot.test.context.SpringBootContextLoader', parent = [null]], attributes = map[[empty]]]; transaction manager [org.springframework.orm.jpa.JpaTransactionManager@cf719e]; rollback [true]
Hibernate: select count(*) as col_0_0_ from product product0_
Hibernate: select next_val as id_val from hibernate_sequence for update
Hibernate: update hibernate_sequence set next_val= ? where next_val=?
Hibernate: insert into product (name, price, id) values (?, ?, ?)
2020-05-05 15:57:03.130  WARN 18576 --- [    Test worker] o.h.engine.jdbc.spi.SqlExceptionHelper   : SQL Error: 1048, SQLState: 23000
2020-05-05 15:57:03.130 ERROR 18576 --- [    Test worker] o.h.engine.jdbc.spi.SqlExceptionHelper   : Le champ 'price' ne peut être vide (null)
2020-05-05 15:57:03.134  INFO 18576 --- [    Test worker] o.s.t.c.transaction.TransactionContext   : Rolled back transaction for test: [DefaultTestContext@1de2efb6 testClass = ProductServiceTest, testInstance = com.tactfactory.monprojetsb.monprojetsb.services.ProductServiceTest@72a9ef9b, testMethod = TestInsert@ProductServiceTest, testException = org.springframework.dao.DataIntegrityViolationException: could not execute statement; SQL [n/a]; constraint [null]; nested exception is org.hibernate.exception.ConstraintViolationException: could not execute statement, mergedContextConfiguration = [MergedContextConfiguration@4667927f testClass = ProductServiceTest, locations = '{}', classes = '{class com.tactfactory.monprojetsb.monprojetsb.MonprojetsbApplication}', contextInitializerClasses = '[]', activeProfiles = '{}', propertySourceLocations = '{}', propertySourceProperties = '{org.springframework.boot.test.autoconfigure.orm.jpa.DataJpaTestContextBootstrapper=true}', contextCustomizers = set[org.springframework.boot.test.autoconfigure.OverrideAutoConfigurationContextCustomizerFactory$DisableAutoConfigurationContextCustomizer@76caae6f, org.springframework.boot.test.autoconfigure.filter.TypeExcludeFiltersContextCustomizer@351584c0, org.springframework.boot.test.autoconfigure.properties.PropertyMappingContextCustomizer@2dd4c187, org.springframework.boot.test.autoconfigure.web.servlet.WebDriverContextCustomizerFactory$Customizer@3201bac6, [ImportsContextCustomizer@3adcce4e key = [@org.springframework.boot.test.autoconfigure.orm.jpa.AutoConfigureDataJpa(), @org.springframework.boot.test.autoconfigure.orm.jpa.AutoConfigureTestEntityManager(), @org.springframework.boot.autoconfigure.domain.EntityScan(basePackages=[com.tactfactory.monprojetsb.monprojetsb], basePackageClasses=[], value=[]), @org.apiguardian.api.API(consumers=[*], since=5.0, status=STABLE), @org.springframework.boot.test.autoconfigure.properties.PropertyMapping(value=spring.test.database, skip=NO), @org.springframework.boot.test.autoconfigure.jdbc.AutoConfigureTestDatabase(replace=NONE, connection=NONE), @org.springframework.transaction.annotation.Transactional(propagation=REQUIRED, rollbackForClassName=[], transactionManager=, isolation=DEFAULT, readOnly=false, noRollbackForClassName=[], noRollbackFor=[], value=, timeout=-1, rollbackFor=[]), @org.springframework.boot.test.autoconfigure.core.AutoConfigureCache(cacheProvider=NONE), @org.springframework.boot.test.autoconfigure.orm.jpa.DataJpaTest(excludeAutoConfiguration=[], showSql=true, useDefaultFilters=true, excludeFilters=[], includeFilters=[], properties=[]), @org.springframework.context.annotation.Import(value=[class org.springframework.boot.autoconfigure.ImportAutoConfigurationImportSelector]), @org.springframework.context.annotation.ComponentScan(scopeResolver=class org.springframework.context.annotation.AnnotationScopeMetadataResolver, lazyInit=false, resourcePattern=**/*.class, useDefaultFilters=true, excludeFilters=[], scopedProxy=DEFAULT, basePackageClasses=[], nameGenerator=interface org.springframework.beans.factory.support.BeanNameGenerator, basePackages=[com.tactfactory.monprojetsb.monprojetsb], includeFilters=[], value=[]), @org.springframework.boot.autoconfigure.ImportAutoConfiguration(value=[], exclude=[], classes=[]), @org.junit.runner.RunWith(value=class org.springframework.test.context.junit4.SpringRunner), @org.springframework.boot.test.autoconfigure.jdbc.AutoConfigureTestDatabase(replace=ANY, connection=NONE), @org.junit.jupiter.api.extension.ExtendWith(value=[class org.springframework.test.context.junit.jupiter.SpringExtension]), @org.springframework.boot.test.autoconfigure.OverrideAutoConfiguration(enabled=false), @org.springframework.context.annotation.Import(value=[class org.springframework.boot.autoconfigure.domain.EntityScanPackages$Registrar]), @org.springframework.boot.test.autoconfigure.filter.TypeExcludeFilters(value=[class org.springframework.boot.test.autoconfigure.orm.jpa.DataJpaTypeExcludeFilter]), @org.springframework.test.context.BootstrapWith(value=class org.springframework.boot.test.autoconfigure.orm.jpa.DataJpaTestContextBootstrapper)]], org.springframework.boot.test.context.filter.ExcludeFilterContextCustomizer@11a961ff, org.springframework.boot.test.json.DuplicateJsonObjectContextCustomizerFactory$DuplicateJsonObjectContextCustomizer@67870133, org.springframework.boot.test.mock.mockito.MockitoContextCustomizer@0], contextLoader = 'org.springframework.boot.test.context.SpringBootContextLoader', parent = [null]], attributes = map[[empty]]]
2020-05-05 15:57:03.140  INFO 18576 --- [    Test worker] o.s.t.c.transaction.TransactionContext   : Began transaction (1) for test context [DefaultTestContext@1de2efb6 testClass = ProductServiceTest, testInstance = com.tactfactory.monprojetsb.monprojetsb.services.ProductServiceTest@62986134, testMethod = getOneProduct@ProductServiceTest, testException = [null], mergedContextConfiguration = [MergedContextConfiguration@4667927f testClass = ProductServiceTest, locations = '{}', classes = '{class com.tactfactory.monprojetsb.monprojetsb.MonprojetsbApplication}', contextInitializerClasses = '[]', activeProfiles = '{}', propertySourceLocations = '{}', propertySourceProperties = '{org.springframework.boot.test.autoconfigure.orm.jpa.DataJpaTestContextBootstrapper=true}', contextCustomizers = set[org.springframework.boot.test.autoconfigure.OverrideAutoConfigurationContextCustomizerFactory$DisableAutoConfigurationContextCustomizer@76caae6f, org.springframework.boot.test.autoconfigure.filter.TypeExcludeFiltersContextCustomizer@351584c0, org.springframework.boot.test.autoconfigure.properties.PropertyMappingContextCustomizer@2dd4c187, org.springframework.boot.test.autoconfigure.web.servlet.WebDriverContextCustomizerFactory$Customizer@3201bac6, [ImportsContextCustomizer@3adcce4e key = [@org.springframework.boot.test.autoconfigure.orm.jpa.AutoConfigureDataJpa(), @org.springframework.boot.test.autoconfigure.orm.jpa.AutoConfigureTestEntityManager(), @org.springframework.boot.autoconfigure.domain.EntityScan(basePackages=[com.tactfactory.monprojetsb.monprojetsb], basePackageClasses=[], value=[]), @org.apiguardian.api.API(consumers=[*], since=5.0, status=STABLE), @org.springframework.boot.test.autoconfigure.properties.PropertyMapping(value=spring.test.database, skip=NO), @org.springframework.boot.test.autoconfigure.jdbc.AutoConfigureTestDatabase(replace=NONE, connection=NONE), @org.springframework.transaction.annotation.Transactional(propagation=REQUIRED, rollbackForClassName=[], transactionManager=, isolation=DEFAULT, readOnly=false, noRollbackForClassName=[], noRollbackFor=[], value=, timeout=-1, rollbackFor=[]), @org.springframework.boot.test.autoconfigure.core.AutoConfigureCache(cacheProvider=NONE), @org.springframework.boot.test.autoconfigure.orm.jpa.DataJpaTest(excludeAutoConfiguration=[], showSql=true, useDefaultFilters=true, excludeFilters=[], includeFilters=[], properties=[]), @org.springframework.context.annotation.Import(value=[class org.springframework.boot.autoconfigure.ImportAutoConfigurationImportSelector]), @org.springframework.context.annotation.ComponentScan(scopeResolver=class org.springframework.context.annotation.AnnotationScopeMetadataResolver, lazyInit=false, resourcePattern=**/*.class, useDefaultFilters=true, excludeFilters=[], scopedProxy=DEFAULT, basePackageClasses=[], nameGenerator=interface org.springframework.beans.factory.support.BeanNameGenerator, basePackages=[com.tactfactory.monprojetsb.monprojetsb], includeFilters=[], value=[]), @org.springframework.boot.autoconfigure.ImportAutoConfiguration(value=[], exclude=[], classes=[]), @org.junit.runner.RunWith(value=class org.springframework.test.context.junit4.SpringRunner), @org.springframework.boot.test.autoconfigure.jdbc.AutoConfigureTestDatabase(replace=ANY, connection=NONE), @org.junit.jupiter.api.extension.ExtendWith(value=[class org.springframework.test.context.junit.jupiter.SpringExtension]), @org.springframework.boot.test.autoconfigure.OverrideAutoConfiguration(enabled=false), @org.springframework.context.annotation.Import(value=[class org.springframework.boot.autoconfigure.domain.EntityScanPackages$Registrar]), @org.springframework.boot.test.autoconfigure.filter.TypeExcludeFilters(value=[class org.springframework.boot.test.autoconfigure.orm.jpa.DataJpaTypeExcludeFilter]), @org.springframework.test.context.BootstrapWith(value=class org.springframework.boot.test.autoconfigure.orm.jpa.DataJpaTestContextBootstrapper)]], org.springframework.boot.test.context.filter.ExcludeFilterContextCustomizer@11a961ff, org.springframework.boot.test.json.DuplicateJsonObjectContextCustomizerFactory$DuplicateJsonObjectContextCustomizer@67870133, org.springframework.boot.test.mock.mockito.MockitoContextCustomizer@0], contextLoader = 'org.springframework.boot.test.context.SpringBootContextLoader', parent = [null]], attributes = map[[empty]]]; transaction manager [org.springframework.orm.jpa.JpaTransactionManager@cf719e]; rollback [true]
Hibernate: select next_val as id_val from hibernate_sequence for update
Hibernate: update hibernate_sequence set next_val= ? where next_val=?
Hibernate: insert into product (name, price, id) values (?, ?, ?)
Hibernate: select product0_.id as id1_0_, product0_.name as name2_0_, product0_.price as price3_0_ from product product0_ where product0_.id=?
2020-05-05 15:57:03.272  INFO 18576 --- [    Test worker] o.s.t.c.transaction.TransactionContext   : Rolled back transaction for test: [DefaultTestContext@1de2efb6 testClass = ProductServiceTest, testInstance = com.tactfactory.monprojetsb.monprojetsb.services.ProductServiceTest@62986134, testMethod = getOneProduct@ProductServiceTest, testException = [null], mergedContextConfiguration = [MergedContextConfiguration@4667927f testClass = ProductServiceTest, locations = '{}', classes = '{class com.tactfactory.monprojetsb.monprojetsb.MonprojetsbApplication}', contextInitializerClasses = '[]', activeProfiles = '{}', propertySourceLocations = '{}', propertySourceProperties = '{org.springframework.boot.test.autoconfigure.orm.jpa.DataJpaTestContextBootstrapper=true}', contextCustomizers = set[org.springframework.boot.test.autoconfigure.OverrideAutoConfigurationContextCustomizerFactory$DisableAutoConfigurationContextCustomizer@76caae6f, org.springframework.boot.test.autoconfigure.filter.TypeExcludeFiltersContextCustomizer@351584c0, org.springframework.boot.test.autoconfigure.properties.PropertyMappingContextCustomizer@2dd4c187, org.springframework.boot.test.autoconfigure.web.servlet.WebDriverContextCustomizerFactory$Customizer@3201bac6, [ImportsContextCustomizer@3adcce4e key = [@org.springframework.boot.test.autoconfigure.orm.jpa.AutoConfigureDataJpa(), @org.springframework.boot.test.autoconfigure.orm.jpa.AutoConfigureTestEntityManager(), @org.springframework.boot.autoconfigure.domain.EntityScan(basePackages=[com.tactfactory.monprojetsb.monprojetsb], basePackageClasses=[], value=[]), @org.apiguardian.api.API(consumers=[*], since=5.0, status=STABLE), @org.springframework.boot.test.autoconfigure.properties.PropertyMapping(value=spring.test.database, skip=NO), @org.springframework.boot.test.autoconfigure.jdbc.AutoConfigureTestDatabase(replace=NONE, connection=NONE), @org.springframework.transaction.annotation.Transactional(propagation=REQUIRED, rollbackForClassName=[], transactionManager=, isolation=DEFAULT, readOnly=false, noRollbackForClassName=[], noRollbackFor=[], value=, timeout=-1, rollbackFor=[]), @org.springframework.boot.test.autoconfigure.core.AutoConfigureCache(cacheProvider=NONE), @org.springframework.boot.test.autoconfigure.orm.jpa.DataJpaTest(excludeAutoConfiguration=[], showSql=true, useDefaultFilters=true, excludeFilters=[], includeFilters=[], properties=[]), @org.springframework.context.annotation.Import(value=[class org.springframework.boot.autoconfigure.ImportAutoConfigurationImportSelector]), @org.springframework.context.annotation.ComponentScan(scopeResolver=class org.springframework.context.annotation.AnnotationScopeMetadataResolver, lazyInit=false, resourcePattern=**/*.class, useDefaultFilters=true, excludeFilters=[], scopedProxy=DEFAULT, basePackageClasses=[], nameGenerator=interface org.springframework.beans.factory.support.BeanNameGenerator, basePackages=[com.tactfactory.monprojetsb.monprojetsb], includeFilters=[], value=[]), @org.springframework.boot.autoconfigure.ImportAutoConfiguration(value=[], exclude=[], classes=[]), @org.junit.runner.RunWith(value=class org.springframework.test.context.junit4.SpringRunner), @org.springframework.boot.test.autoconfigure.jdbc.AutoConfigureTestDatabase(replace=ANY, connection=NONE), @org.junit.jupiter.api.extension.ExtendWith(value=[class org.springframework.test.context.junit.jupiter.SpringExtension]), @org.springframework.boot.test.autoconfigure.OverrideAutoConfiguration(enabled=false), @org.springframework.context.annotation.Import(value=[class org.springframework.boot.autoconfigure.domain.EntityScanPackages$Registrar]), @org.springframework.boot.test.autoconfigure.filter.TypeExcludeFilters(value=[class org.springframework.boot.test.autoconfigure.orm.jpa.DataJpaTypeExcludeFilter]), @org.springframework.test.context.BootstrapWith(value=class org.springframework.boot.test.autoconfigure.orm.jpa.DataJpaTestContextBootstrapper)]], org.springframework.boot.test.context.filter.ExcludeFilterContextCustomizer@11a961ff, org.springframework.boot.test.json.DuplicateJsonObjectContextCustomizerFactory$DuplicateJsonObjectContextCustomizer@67870133, org.springframework.boot.test.mock.mockito.MockitoContextCustomizer@0], contextLoader = 'org.springframework.boot.test.context.SpringBootContextLoader', parent = [null]], attributes = map[[empty]]]
2020-05-05 15:57:03.279  INFO 18576 --- [    Test worker] o.s.t.c.transaction.TransactionContext   : Began transaction (1) for test context [DefaultTestContext@1de2efb6 testClass = ProductServiceTest, testInstance = com.tactfactory.monprojetsb.monprojetsb.services.ProductServiceTest@3126e188, testMethod = TestUpdateProduct@ProductServiceTest, testException = [null], mergedContextConfiguration = [MergedContextConfiguration@4667927f testClass = ProductServiceTest, locations = '{}', classes = '{class com.tactfactory.monprojetsb.monprojetsb.MonprojetsbApplication}', contextInitializerClasses = '[]', activeProfiles = '{}', propertySourceLocations = '{}', propertySourceProperties = '{org.springframework.boot.test.autoconfigure.orm.jpa.DataJpaTestContextBootstrapper=true}', contextCustomizers = set[org.springframework.boot.test.autoconfigure.OverrideAutoConfigurationContextCustomizerFactory$DisableAutoConfigurationContextCustomizer@76caae6f, org.springframework.boot.test.autoconfigure.filter.TypeExcludeFiltersContextCustomizer@351584c0, org.springframework.boot.test.autoconfigure.properties.PropertyMappingContextCustomizer@2dd4c187, org.springframework.boot.test.autoconfigure.web.servlet.WebDriverContextCustomizerFactory$Customizer@3201bac6, [ImportsContextCustomizer@3adcce4e key = [@org.springframework.boot.test.autoconfigure.orm.jpa.AutoConfigureDataJpa(), @org.springframework.boot.test.autoconfigure.orm.jpa.AutoConfigureTestEntityManager(), @org.springframework.boot.autoconfigure.domain.EntityScan(basePackages=[com.tactfactory.monprojetsb.monprojetsb], basePackageClasses=[], value=[]), @org.apiguardian.api.API(consumers=[*], since=5.0, status=STABLE), @org.springframework.boot.test.autoconfigure.properties.PropertyMapping(value=spring.test.database, skip=NO), @org.springframework.boot.test.autoconfigure.jdbc.AutoConfigureTestDatabase(replace=NONE, connection=NONE), @org.springframework.transaction.annotation.Transactional(propagation=REQUIRED, rollbackForClassName=[], transactionManager=, isolation=DEFAULT, readOnly=false, noRollbackForClassName=[], noRollbackFor=[], value=, timeout=-1, rollbackFor=[]), @org.springframework.boot.test.autoconfigure.core.AutoConfigureCache(cacheProvider=NONE), @org.springframework.boot.test.autoconfigure.orm.jpa.DataJpaTest(excludeAutoConfiguration=[], showSql=true, useDefaultFilters=true, excludeFilters=[], includeFilters=[], properties=[]), @org.springframework.context.annotation.Import(value=[class org.springframework.boot.autoconfigure.ImportAutoConfigurationImportSelector]), @org.springframework.context.annotation.ComponentScan(scopeResolver=class org.springframework.context.annotation.AnnotationScopeMetadataResolver, lazyInit=false, resourcePattern=**/*.class, useDefaultFilters=true, excludeFilters=[], scopedProxy=DEFAULT, basePackageClasses=[], nameGenerator=interface org.springframework.beans.factory.support.BeanNameGenerator, basePackages=[com.tactfactory.monprojetsb.monprojetsb], includeFilters=[], value=[]), @org.springframework.boot.autoconfigure.ImportAutoConfiguration(value=[], exclude=[], classes=[]), @org.junit.runner.RunWith(value=class org.springframework.test.context.junit4.SpringRunner), @org.springframework.boot.test.autoconfigure.jdbc.AutoConfigureTestDatabase(replace=ANY, connection=NONE), @org.junit.jupiter.api.extension.ExtendWith(value=[class org.springframework.test.context.junit.jupiter.SpringExtension]), @org.springframework.boot.test.autoconfigure.OverrideAutoConfiguration(enabled=false), @org.springframework.context.annotation.Import(value=[class org.springframework.boot.autoconfigure.domain.EntityScanPackages$Registrar]), @org.springframework.boot.test.autoconfigure.filter.TypeExcludeFilters(value=[class org.springframework.boot.test.autoconfigure.orm.jpa.DataJpaTypeExcludeFilter]), @org.springframework.test.context.BootstrapWith(value=class org.springframework.boot.test.autoconfigure.orm.jpa.DataJpaTestContextBootstrapper)]], org.springframework.boot.test.context.filter.ExcludeFilterContextCustomizer@11a961ff, org.springframework.boot.test.json.DuplicateJsonObjectContextCustomizerFactory$DuplicateJsonObjectContextCustomizer@67870133, org.springframework.boot.test.mock.mockito.MockitoContextCustomizer@0], contextLoader = 'org.springframework.boot.test.context.SpringBootContextLoader', parent = [null]], attributes = map[[empty]]]; transaction manager [org.springframework.orm.jpa.JpaTransactionManager@cf719e]; rollback [true]
Hibernate: select next_val as id_val from hibernate_sequence for update
Hibernate: update hibernate_sequence set next_val= ? where next_val=?
Hibernate: insert into product (name, price, id) values (?, ?, ?)
Hibernate: select product0_.id as id1_0_, product0_.name as name2_0_, product0_.price as price3_0_ from product product0_ where product0_.id=?
Hibernate: update product set name=?, price=? where id=?
Hibernate: select product0_.id as id1_0_, product0_.name as name2_0_, product0_.price as price3_0_ from product product0_ where product0_.id=?
2020-05-05 15:57:03.315  INFO 18576 --- [    Test worker] o.s.t.c.transaction.TransactionContext   : Rolled back transaction for test: [DefaultTestContext@1de2efb6 testClass = ProductServiceTest, testInstance = com.tactfactory.monprojetsb.monprojetsb.services.ProductServiceTest@3126e188, testMethod = TestUpdateProduct@ProductServiceTest, testException = [null], mergedContextConfiguration = [MergedContextConfiguration@4667927f testClass = ProductServiceTest, locations = '{}', classes = '{class com.tactfactory.monprojetsb.monprojetsb.MonprojetsbApplication}', contextInitializerClasses = '[]', activeProfiles = '{}', propertySourceLocations = '{}', propertySourceProperties = '{org.springframework.boot.test.autoconfigure.orm.jpa.DataJpaTestContextBootstrapper=true}', contextCustomizers = set[org.springframework.boot.test.autoconfigure.OverrideAutoConfigurationContextCustomizerFactory$DisableAutoConfigurationContextCustomizer@76caae6f, org.springframework.boot.test.autoconfigure.filter.TypeExcludeFiltersContextCustomizer@351584c0, org.springframework.boot.test.autoconfigure.properties.PropertyMappingContextCustomizer@2dd4c187, org.springframework.boot.test.autoconfigure.web.servlet.WebDriverContextCustomizerFactory$Customizer@3201bac6, [ImportsContextCustomizer@3adcce4e key = [@org.springframework.boot.test.autoconfigure.orm.jpa.AutoConfigureDataJpa(), @org.springframework.boot.test.autoconfigure.orm.jpa.AutoConfigureTestEntityManager(), @org.springframework.boot.autoconfigure.domain.EntityScan(basePackages=[com.tactfactory.monprojetsb.monprojetsb], basePackageClasses=[], value=[]), @org.apiguardian.api.API(consumers=[*], since=5.0, status=STABLE), @org.springframework.boot.test.autoconfigure.properties.PropertyMapping(value=spring.test.database, skip=NO), @org.springframework.boot.test.autoconfigure.jdbc.AutoConfigureTestDatabase(replace=NONE, connection=NONE), @org.springframework.transaction.annotation.Transactional(propagation=REQUIRED, rollbackForClassName=[], transactionManager=, isolation=DEFAULT, readOnly=false, noRollbackForClassName=[], noRollbackFor=[], value=, timeout=-1, rollbackFor=[]), @org.springframework.boot.test.autoconfigure.core.AutoConfigureCache(cacheProvider=NONE), @org.springframework.boot.test.autoconfigure.orm.jpa.DataJpaTest(excludeAutoConfiguration=[], showSql=true, useDefaultFilters=true, excludeFilters=[], includeFilters=[], properties=[]), @org.springframework.context.annotation.Import(value=[class org.springframework.boot.autoconfigure.ImportAutoConfigurationImportSelector]), @org.springframework.context.annotation.ComponentScan(scopeResolver=class org.springframework.context.annotation.AnnotationScopeMetadataResolver, lazyInit=false, resourcePattern=**/*.class, useDefaultFilters=true, excludeFilters=[], scopedProxy=DEFAULT, basePackageClasses=[], nameGenerator=interface org.springframework.beans.factory.support.BeanNameGenerator, basePackages=[com.tactfactory.monprojetsb.monprojetsb], includeFilters=[], value=[]), @org.springframework.boot.autoconfigure.ImportAutoConfiguration(value=[], exclude=[], classes=[]), @org.junit.runner.RunWith(value=class org.springframework.test.context.junit4.SpringRunner), @org.springframework.boot.test.autoconfigure.jdbc.AutoConfigureTestDatabase(replace=ANY, connection=NONE), @org.junit.jupiter.api.extension.ExtendWith(value=[class org.springframework.test.context.junit.jupiter.SpringExtension]), @org.springframework.boot.test.autoconfigure.OverrideAutoConfiguration(enabled=false), @org.springframework.context.annotation.Import(value=[class org.springframework.boot.autoconfigure.domain.EntityScanPackages$Registrar]), @org.springframework.boot.test.autoconfigure.filter.TypeExcludeFilters(value=[class org.springframework.boot.test.autoconfigure.orm.jpa.DataJpaTypeExcludeFilter]), @org.springframework.test.context.BootstrapWith(value=class org.springframework.boot.test.autoconfigure.orm.jpa.DataJpaTestContextBootstrapper)]], org.springframework.boot.test.context.filter.ExcludeFilterContextCustomizer@11a961ff, org.springframework.boot.test.json.DuplicateJsonObjectContextCustomizerFactory$DuplicateJsonObjectContextCustomizer@67870133, org.springframework.boot.test.mock.mockito.MockitoContextCustomizer@0], contextLoader = 'org.springframework.boot.test.context.SpringBootContextLoader', parent = [null]], attributes = map[[empty]]]
2020-05-05 15:57:03.321  INFO 18576 --- [    Test worker] o.s.t.c.transaction.TransactionContext   : Began transaction (1) for test context [DefaultTestContext@1de2efb6 testClass = ProductServiceTest, testInstance = com.tactfactory.monprojetsb.monprojetsb.services.ProductServiceTest@5b9dcf2c, testMethod = TestInsertProduct@ProductServiceTest, testException = [null], mergedContextConfiguration = [MergedContextConfiguration@4667927f testClass = ProductServiceTest, locations = '{}', classes = '{class com.tactfactory.monprojetsb.monprojetsb.MonprojetsbApplication}', contextInitializerClasses = '[]', activeProfiles = '{}', propertySourceLocations = '{}', propertySourceProperties = '{org.springframework.boot.test.autoconfigure.orm.jpa.DataJpaTestContextBootstrapper=true}', contextCustomizers = set[org.springframework.boot.test.autoconfigure.OverrideAutoConfigurationContextCustomizerFactory$DisableAutoConfigurationContextCustomizer@76caae6f, org.springframework.boot.test.autoconfigure.filter.TypeExcludeFiltersContextCustomizer@351584c0, org.springframework.boot.test.autoconfigure.properties.PropertyMappingContextCustomizer@2dd4c187, org.springframework.boot.test.autoconfigure.web.servlet.WebDriverContextCustomizerFactory$Customizer@3201bac6, [ImportsContextCustomizer@3adcce4e key = [@org.springframework.boot.test.autoconfigure.orm.jpa.AutoConfigureDataJpa(), @org.springframework.boot.test.autoconfigure.orm.jpa.AutoConfigureTestEntityManager(), @org.springframework.boot.autoconfigure.domain.EntityScan(basePackages=[com.tactfactory.monprojetsb.monprojetsb], basePackageClasses=[], value=[]), @org.apiguardian.api.API(consumers=[*], since=5.0, status=STABLE), @org.springframework.boot.test.autoconfigure.properties.PropertyMapping(value=spring.test.database, skip=NO), @org.springframework.boot.test.autoconfigure.jdbc.AutoConfigureTestDatabase(replace=NONE, connection=NONE), @org.springframework.transaction.annotation.Transactional(propagation=REQUIRED, rollbackForClassName=[], transactionManager=, isolation=DEFAULT, readOnly=false, noRollbackForClassName=[], noRollbackFor=[], value=, timeout=-1, rollbackFor=[]), @org.springframework.boot.test.autoconfigure.core.AutoConfigureCache(cacheProvider=NONE), @org.springframework.boot.test.autoconfigure.orm.jpa.DataJpaTest(excludeAutoConfiguration=[], showSql=true, useDefaultFilters=true, excludeFilters=[], includeFilters=[], properties=[]), @org.springframework.context.annotation.Import(value=[class org.springframework.boot.autoconfigure.ImportAutoConfigurationImportSelector]), @org.springframework.context.annotation.ComponentScan(scopeResolver=class org.springframework.context.annotation.AnnotationScopeMetadataResolver, lazyInit=false, resourcePattern=**/*.class, useDefaultFilters=true, excludeFilters=[], scopedProxy=DEFAULT, basePackageClasses=[], nameGenerator=interface org.springframework.beans.factory.support.BeanNameGenerator, basePackages=[com.tactfactory.monprojetsb.monprojetsb], includeFilters=[], value=[]), @org.springframework.boot.autoconfigure.ImportAutoConfiguration(value=[], exclude=[], classes=[]), @org.junit.runner.RunWith(value=class org.springframework.test.context.junit4.SpringRunner), @org.springframework.boot.test.autoconfigure.jdbc.AutoConfigureTestDatabase(replace=ANY, connection=NONE), @org.junit.jupiter.api.extension.ExtendWith(value=[class org.springframework.test.context.junit.jupiter.SpringExtension]), @org.springframework.boot.test.autoconfigure.OverrideAutoConfiguration(enabled=false), @org.springframework.context.annotation.Import(value=[class org.springframework.boot.autoconfigure.domain.EntityScanPackages$Registrar]), @org.springframework.boot.test.autoconfigure.filter.TypeExcludeFilters(value=[class org.springframework.boot.test.autoconfigure.orm.jpa.DataJpaTypeExcludeFilter]), @org.springframework.test.context.BootstrapWith(value=class org.springframework.boot.test.autoconfigure.orm.jpa.DataJpaTestContextBootstrapper)]], org.springframework.boot.test.context.filter.ExcludeFilterContextCustomizer@11a961ff, org.springframework.boot.test.json.DuplicateJsonObjectContextCustomizerFactory$DuplicateJsonObjectContextCustomizer@67870133, org.springframework.boot.test.mock.mockito.MockitoContextCustomizer@0], contextLoader = 'org.springframework.boot.test.context.SpringBootContextLoader', parent = [null]], attributes = map[[empty]]]; transaction manager [org.springframework.orm.jpa.JpaTransactionManager@cf719e]; rollback [true]
Hibernate: select next_val as id_val from hibernate_sequence for update
Hibernate: update hibernate_sequence set next_val= ? where next_val=?
Hibernate: insert into product (name, price, id) values (?, ?, ?)
Hibernate: select product0_.id as id1_0_, product0_.name as name2_0_, product0_.price as price3_0_ from product product0_ where product0_.id=?
2020-05-05 15:57:03.342  INFO 18576 --- [    Test worker] o.s.t.c.transaction.TransactionContext   : Rolled back transaction for test: [DefaultTestContext@1de2efb6 testClass = ProductServiceTest, testInstance = com.tactfactory.monprojetsb.monprojetsb.services.ProductServiceTest@5b9dcf2c, testMethod = TestInsertProduct@ProductServiceTest, testException = [null], mergedContextConfiguration = [MergedContextConfiguration@4667927f testClass = ProductServiceTest, locations = '{}', classes = '{class com.tactfactory.monprojetsb.monprojetsb.MonprojetsbApplication}', contextInitializerClasses = '[]', activeProfiles = '{}', propertySourceLocations = '{}', propertySourceProperties = '{org.springframework.boot.test.autoconfigure.orm.jpa.DataJpaTestContextBootstrapper=true}', contextCustomizers = set[org.springframework.boot.test.autoconfigure.OverrideAutoConfigurationContextCustomizerFactory$DisableAutoConfigurationContextCustomizer@76caae6f, org.springframework.boot.test.autoconfigure.filter.TypeExcludeFiltersContextCustomizer@351584c0, org.springframework.boot.test.autoconfigure.properties.PropertyMappingContextCustomizer@2dd4c187, org.springframework.boot.test.autoconfigure.web.servlet.WebDriverContextCustomizerFactory$Customizer@3201bac6, [ImportsContextCustomizer@3adcce4e key = [@org.springframework.boot.test.autoconfigure.orm.jpa.AutoConfigureDataJpa(), @org.springframework.boot.test.autoconfigure.orm.jpa.AutoConfigureTestEntityManager(), @org.springframework.boot.autoconfigure.domain.EntityScan(basePackages=[com.tactfactory.monprojetsb.monprojetsb], basePackageClasses=[], value=[]), @org.apiguardian.api.API(consumers=[*], since=5.0, status=STABLE), @org.springframework.boot.test.autoconfigure.properties.PropertyMapping(value=spring.test.database, skip=NO), @org.springframework.boot.test.autoconfigure.jdbc.AutoConfigureTestDatabase(replace=NONE, connection=NONE), @org.springframework.transaction.annotation.Transactional(propagation=REQUIRED, rollbackForClassName=[], transactionManager=, isolation=DEFAULT, readOnly=false, noRollbackForClassName=[], noRollbackFor=[], value=, timeout=-1, rollbackFor=[]), @org.springframework.boot.test.autoconfigure.core.AutoConfigureCache(cacheProvider=NONE), @org.springframework.boot.test.autoconfigure.orm.jpa.DataJpaTest(excludeAutoConfiguration=[], showSql=true, useDefaultFilters=true, excludeFilters=[], includeFilters=[], properties=[]), @org.springframework.context.annotation.Import(value=[class org.springframework.boot.autoconfigure.ImportAutoConfigurationImportSelector]), @org.springframework.context.annotation.ComponentScan(scopeResolver=class org.springframework.context.annotation.AnnotationScopeMetadataResolver, lazyInit=false, resourcePattern=**/*.class, useDefaultFilters=true, excludeFilters=[], scopedProxy=DEFAULT, basePackageClasses=[], nameGenerator=interface org.springframework.beans.factory.support.BeanNameGenerator, basePackages=[com.tactfactory.monprojetsb.monprojetsb], includeFilters=[], value=[]), @org.springframework.boot.autoconfigure.ImportAutoConfiguration(value=[], exclude=[], classes=[]), @org.junit.runner.RunWith(value=class org.springframework.test.context.junit4.SpringRunner), @org.springframework.boot.test.autoconfigure.jdbc.AutoConfigureTestDatabase(replace=ANY, connection=NONE), @org.junit.jupiter.api.extension.ExtendWith(value=[class org.springframework.test.context.junit.jupiter.SpringExtension]), @org.springframework.boot.test.autoconfigure.OverrideAutoConfiguration(enabled=false), @org.springframework.context.annotation.Import(value=[class org.springframework.boot.autoconfigure.domain.EntityScanPackages$Registrar]), @org.springframework.boot.test.autoconfigure.filter.TypeExcludeFilters(value=[class org.springframework.boot.test.autoconfigure.orm.jpa.DataJpaTypeExcludeFilter]), @org.springframework.test.context.BootstrapWith(value=class org.springframework.boot.test.autoconfigure.orm.jpa.DataJpaTestContextBootstrapper)]], org.springframework.boot.test.context.filter.ExcludeFilterContextCustomizer@11a961ff, org.springframework.boot.test.json.DuplicateJsonObjectContextCustomizerFactory$DuplicateJsonObjectContextCustomizer@67870133, org.springframework.boot.test.mock.mockito.MockitoContextCustomizer@0], contextLoader = 'org.springframework.boot.test.context.SpringBootContextLoader', parent = [null]], attributes = map[[empty]]]
2020-05-05 15:57:03.348  INFO 18576 --- [    Test worker] o.s.t.c.transaction.TransactionContext   : Began transaction (1) for test context [DefaultTestContext@1de2efb6 testClass = ProductServiceTest, testInstance = com.tactfactory.monprojetsb.monprojetsb.services.ProductServiceTest@7afb2997, testMethod = TestDeleteProduct@ProductServiceTest, testException = [null], mergedContextConfiguration = [MergedContextConfiguration@4667927f testClass = ProductServiceTest, locations = '{}', classes = '{class com.tactfactory.monprojetsb.monprojetsb.MonprojetsbApplication}', contextInitializerClasses = '[]', activeProfiles = '{}', propertySourceLocations = '{}', propertySourceProperties = '{org.springframework.boot.test.autoconfigure.orm.jpa.DataJpaTestContextBootstrapper=true}', contextCustomizers = set[org.springframework.boot.test.autoconfigure.OverrideAutoConfigurationContextCustomizerFactory$DisableAutoConfigurationContextCustomizer@76caae6f, org.springframework.boot.test.autoconfigure.filter.TypeExcludeFiltersContextCustomizer@351584c0, org.springframework.boot.test.autoconfigure.properties.PropertyMappingContextCustomizer@2dd4c187, org.springframework.boot.test.autoconfigure.web.servlet.WebDriverContextCustomizerFactory$Customizer@3201bac6, [ImportsContextCustomizer@3adcce4e key = [@org.springframework.boot.test.autoconfigure.orm.jpa.AutoConfigureDataJpa(), @org.springframework.boot.test.autoconfigure.orm.jpa.AutoConfigureTestEntityManager(), @org.springframework.boot.autoconfigure.domain.EntityScan(basePackages=[com.tactfactory.monprojetsb.monprojetsb], basePackageClasses=[], value=[]), @org.apiguardian.api.API(consumers=[*], since=5.0, status=STABLE), @org.springframework.boot.test.autoconfigure.properties.PropertyMapping(value=spring.test.database, skip=NO), @org.springframework.boot.test.autoconfigure.jdbc.AutoConfigureTestDatabase(replace=NONE, connection=NONE), @org.springframework.transaction.annotation.Transactional(propagation=REQUIRED, rollbackForClassName=[], transactionManager=, isolation=DEFAULT, readOnly=false, noRollbackForClassName=[], noRollbackFor=[], value=, timeout=-1, rollbackFor=[]), @org.springframework.boot.test.autoconfigure.core.AutoConfigureCache(cacheProvider=NONE), @org.springframework.boot.test.autoconfigure.orm.jpa.DataJpaTest(excludeAutoConfiguration=[], showSql=true, useDefaultFilters=true, excludeFilters=[], includeFilters=[], properties=[]), @org.springframework.context.annotation.Import(value=[class org.springframework.boot.autoconfigure.ImportAutoConfigurationImportSelector]), @org.springframework.context.annotation.ComponentScan(scopeResolver=class org.springframework.context.annotation.AnnotationScopeMetadataResolver, lazyInit=false, resourcePattern=**/*.class, useDefaultFilters=true, excludeFilters=[], scopedProxy=DEFAULT, basePackageClasses=[], nameGenerator=interface org.springframework.beans.factory.support.BeanNameGenerator, basePackages=[com.tactfactory.monprojetsb.monprojetsb], includeFilters=[], value=[]), @org.springframework.boot.autoconfigure.ImportAutoConfiguration(value=[], exclude=[], classes=[]), @org.junit.runner.RunWith(value=class org.springframework.test.context.junit4.SpringRunner), @org.springframework.boot.test.autoconfigure.jdbc.AutoConfigureTestDatabase(replace=ANY, connection=NONE), @org.junit.jupiter.api.extension.ExtendWith(value=[class org.springframework.test.context.junit.jupiter.SpringExtension]), @org.springframework.boot.test.autoconfigure.OverrideAutoConfiguration(enabled=false), @org.springframework.context.annotation.Import(value=[class org.springframework.boot.autoconfigure.domain.EntityScanPackages$Registrar]), @org.springframework.boot.test.autoconfigure.filter.TypeExcludeFilters(value=[class org.springframework.boot.test.autoconfigure.orm.jpa.DataJpaTypeExcludeFilter]), @org.springframework.test.context.BootstrapWith(value=class org.springframework.boot.test.autoconfigure.orm.jpa.DataJpaTestContextBootstrapper)]], org.springframework.boot.test.context.filter.ExcludeFilterContextCustomizer@11a961ff, org.springframework.boot.test.json.DuplicateJsonObjectContextCustomizerFactory$DuplicateJsonObjectContextCustomizer@67870133, org.springframework.boot.test.mock.mockito.MockitoContextCustomizer@0], contextLoader = 'org.springframework.boot.test.context.SpringBootContextLoader', parent = [null]], attributes = map[[empty]]]; transaction manager [org.springframework.orm.jpa.JpaTransactionManager@cf719e]; rollback [true]
Hibernate: select next_val as id_val from hibernate_sequence for update
Hibernate: update hibernate_sequence set next_val= ? where next_val=?
Hibernate: insert into product (name, price, id) values (?, ?, ?)
Hibernate: delete from product where id=?
Hibernate: select product0_.id as id1_0_, product0_.name as name2_0_, product0_.price as price3_0_ from product product0_ where product0_.id=?
2020-05-05 15:57:03.398  INFO 18576 --- [    Test worker] o.s.t.c.transaction.TransactionContext   : Rolled back transaction for test: [DefaultTestContext@1de2efb6 testClass = ProductServiceTest, testInstance = com.tactfactory.monprojetsb.monprojetsb.services.ProductServiceTest@7afb2997, testMethod = TestDeleteProduct@ProductServiceTest, testException = [null], mergedContextConfiguration = [MergedContextConfiguration@4667927f testClass = ProductServiceTest, locations = '{}', classes = '{class com.tactfactory.monprojetsb.monprojetsb.MonprojetsbApplication}', contextInitializerClasses = '[]', activeProfiles = '{}', propertySourceLocations = '{}', propertySourceProperties = '{org.springframework.boot.test.autoconfigure.orm.jpa.DataJpaTestContextBootstrapper=true}', contextCustomizers = set[org.springframework.boot.test.autoconfigure.OverrideAutoConfigurationContextCustomizerFactory$DisableAutoConfigurationContextCustomizer@76caae6f, org.springframework.boot.test.autoconfigure.filter.TypeExcludeFiltersContextCustomizer@351584c0, org.springframework.boot.test.autoconfigure.properties.PropertyMappingContextCustomizer@2dd4c187, org.springframework.boot.test.autoconfigure.web.servlet.WebDriverContextCustomizerFactory$Customizer@3201bac6, [ImportsContextCustomizer@3adcce4e key = [@org.springframework.boot.test.autoconfigure.orm.jpa.AutoConfigureDataJpa(), @org.springframework.boot.test.autoconfigure.orm.jpa.AutoConfigureTestEntityManager(), @org.springframework.boot.autoconfigure.domain.EntityScan(basePackages=[com.tactfactory.monprojetsb.monprojetsb], basePackageClasses=[], value=[]), @org.apiguardian.api.API(consumers=[*], since=5.0, status=STABLE), @org.springframework.boot.test.autoconfigure.properties.PropertyMapping(value=spring.test.database, skip=NO), @org.springframework.boot.test.autoconfigure.jdbc.AutoConfigureTestDatabase(replace=NONE, connection=NONE), @org.springframework.transaction.annotation.Transactional(propagation=REQUIRED, rollbackForClassName=[], transactionManager=, isolation=DEFAULT, readOnly=false, noRollbackForClassName=[], noRollbackFor=[], value=, timeout=-1, rollbackFor=[]), @org.springframework.boot.test.autoconfigure.core.AutoConfigureCache(cacheProvider=NONE), @org.springframework.boot.test.autoconfigure.orm.jpa.DataJpaTest(excludeAutoConfiguration=[], showSql=true, useDefaultFilters=true, excludeFilters=[], includeFilters=[], properties=[]), @org.springframework.context.annotation.Import(value=[class org.springframework.boot.autoconfigure.ImportAutoConfigurationImportSelector]), @org.springframework.context.annotation.ComponentScan(scopeResolver=class org.springframework.context.annotation.AnnotationScopeMetadataResolver, lazyInit=false, resourcePattern=**/*.class, useDefaultFilters=true, excludeFilters=[], scopedProxy=DEFAULT, basePackageClasses=[], nameGenerator=interface org.springframework.beans.factory.support.BeanNameGenerator, basePackages=[com.tactfactory.monprojetsb.monprojetsb], includeFilters=[], value=[]), @org.springframework.boot.autoconfigure.ImportAutoConfiguration(value=[], exclude=[], classes=[]), @org.junit.runner.RunWith(value=class org.springframework.test.context.junit4.SpringRunner), @org.springframework.boot.test.autoconfigure.jdbc.AutoConfigureTestDatabase(replace=ANY, connection=NONE), @org.junit.jupiter.api.extension.ExtendWith(value=[class org.springframework.test.context.junit.jupiter.SpringExtension]), @org.springframework.boot.test.autoconfigure.OverrideAutoConfiguration(enabled=false), @org.springframework.context.annotation.Import(value=[class org.springframework.boot.autoconfigure.domain.EntityScanPackages$Registrar]), @org.springframework.boot.test.autoconfigure.filter.TypeExcludeFilters(value=[class org.springframework.boot.test.autoconfigure.orm.jpa.DataJpaTypeExcludeFilter]), @org.springframework.test.context.BootstrapWith(value=class org.springframework.boot.test.autoconfigure.orm.jpa.DataJpaTestContextBootstrapper)]], org.springframework.boot.test.context.filter.ExcludeFilterContextCustomizer@11a961ff, org.springframework.boot.test.json.DuplicateJsonObjectContextCustomizerFactory$DuplicateJsonObjectContextCustomizer@67870133, org.springframework.boot.test.mock.mockito.MockitoContextCustomizer@0], contextLoader = 'org.springframework.boot.test.context.SpringBootContextLoader', parent = [null]], attributes = map[[empty]]]
]]></system-out>
  <system-err><![CDATA[]]></system-err>
</testsuite>
